{"D:\\SoftWare\\OnlyJs\\OnlyJS Academy Full Stack Development Trainee\\frontend\\src\\api\\endpoints.ts": {"path":"D:\\SoftWare\\OnlyJs\\OnlyJS Academy Full Stack Development Trainee\\frontend\\src\\api\\endpoints.ts","statementMap":{"0":{"start":{"line":1,"column":25},"end":{"line":55,"column":null}},"1":{"start":{"line":11,"column":31},"end":{"line":11,"column":null}},"2":{"start":{"line":15,"column":31},"end":{"line":15,"column":null}},"3":{"start":{"line":20,"column":43},"end":{"line":20,"column":null}},"4":{"start":{"line":21,"column":31},"end":{"line":21,"column":null}},"5":{"start":{"line":24,"column":43},"end":{"line":24,"column":null}},"6":{"start":{"line":28,"column":43},"end":{"line":28,"column":null}},"7":{"start":{"line":31,"column":31},"end":{"line":31,"column":null}},"8":{"start":{"line":35,"column":31},"end":{"line":35,"column":null}},"9":{"start":{"line":41,"column":40},"end":{"line":41,"column":null}},"10":{"start":{"line":46,"column":31},"end":{"line":46,"column":null}},"11":{"start":{"line":48,"column":32},"end":{"line":48,"column":null}},"12":{"start":{"line":53,"column":37},"end":{"line":53,"column":null}}},"fnMap":{"0":{"name":"(anonymous_0)","decl":{"start":{"line":11,"column":15},"end":{"line":11,"column":16}},"loc":{"start":{"line":11,"column":31},"end":{"line":11,"column":null}},"line":11},"1":{"name":"(anonymous_1)","decl":{"start":{"line":15,"column":15},"end":{"line":15,"column":16}},"loc":{"start":{"line":15,"column":31},"end":{"line":15,"column":null}},"line":15},"2":{"name":"(anonymous_2)","decl":{"start":{"line":20,"column":20},"end":{"line":20,"column":21}},"loc":{"start":{"line":20,"column":43},"end":{"line":20,"column":null}},"line":20},"3":{"name":"(anonymous_3)","decl":{"start":{"line":21,"column":15},"end":{"line":21,"column":16}},"loc":{"start":{"line":21,"column":31},"end":{"line":21,"column":null}},"line":21},"4":{"name":"(anonymous_4)","decl":{"start":{"line":24,"column":20},"end":{"line":24,"column":21}},"loc":{"start":{"line":24,"column":43},"end":{"line":24,"column":null}},"line":24},"5":{"name":"(anonymous_5)","decl":{"start":{"line":28,"column":20},"end":{"line":28,"column":21}},"loc":{"start":{"line":28,"column":43},"end":{"line":28,"column":null}},"line":28},"6":{"name":"(anonymous_6)","decl":{"start":{"line":31,"column":15},"end":{"line":31,"column":16}},"loc":{"start":{"line":31,"column":31},"end":{"line":31,"column":null}},"line":31},"7":{"name":"(anonymous_7)","decl":{"start":{"line":35,"column":15},"end":{"line":35,"column":16}},"loc":{"start":{"line":35,"column":31},"end":{"line":35,"column":null}},"line":35},"8":{"name":"(anonymous_8)","decl":{"start":{"line":41,"column":20},"end":{"line":41,"column":21}},"loc":{"start":{"line":41,"column":40},"end":{"line":41,"column":null}},"line":41},"9":{"name":"(anonymous_9)","decl":{"start":{"line":46,"column":15},"end":{"line":46,"column":16}},"loc":{"start":{"line":46,"column":31},"end":{"line":46,"column":null}},"line":46},"10":{"name":"(anonymous_10)","decl":{"start":{"line":48,"column":16},"end":{"line":48,"column":17}},"loc":{"start":{"line":48,"column":32},"end":{"line":48,"column":null}},"line":48},"11":{"name":"(anonymous_11)","decl":{"start":{"line":53,"column":16},"end":{"line":53,"column":17}},"loc":{"start":{"line":53,"column":37},"end":{"line":53,"column":null}},"line":53}},"branchMap":{},"s":{"0":4,"1":1,"2":4,"3":1,"4":1,"5":1,"6":1,"7":1,"8":1,"9":1,"10":1,"11":1,"12":1},"f":{"0":1,"1":4,"2":1,"3":1,"4":1,"5":1,"6":1,"7":1,"8":1,"9":1,"10":1,"11":1},"b":{},"meta":{"lastBranch":0,"lastFunction":12,"lastStatement":13,"seen":{"s:1:25:55:Infinity":0,"f:11:15:11:16":0,"s:11:31:11:Infinity":1,"f:15:15:15:16":1,"s:15:31:15:Infinity":2,"f:20:20:20:21":2,"s:20:43:20:Infinity":3,"f:21:15:21:16":3,"s:21:31:21:Infinity":4,"f:24:20:24:21":4,"s:24:43:24:Infinity":5,"f:28:20:28:21":5,"s:28:43:28:Infinity":6,"f:31:15:31:16":6,"s:31:31:31:Infinity":7,"f:35:15:35:16":7,"s:35:31:35:Infinity":8,"f:41:20:41:21":8,"s:41:40:41:Infinity":9,"f:46:15:46:16":9,"s:46:31:46:Infinity":10,"f:48:16:48:17":10,"s:48:32:48:Infinity":11,"f:53:16:53:17":11,"s:53:37:53:Infinity":12}}}
,"D:\\SoftWare\\OnlyJs\\OnlyJS Academy Full Stack Development Trainee\\frontend\\src\\components\\ReviewModal.tsx": {"path":"D:\\SoftWare\\OnlyJs\\OnlyJS Academy Full Stack Development Trainee\\frontend\\src\\components\\ReviewModal.tsx","statementMap":{"0":{"start":{"line":29,"column":28},"end":{"line":29,"column":null}},"1":{"start":{"line":30,"column":26},"end":{"line":30,"column":null}},"2":{"start":{"line":31,"column":30},"end":{"line":31,"column":null}},"3":{"start":{"line":32,"column":42},"end":{"line":32,"column":null}},"4":{"start":{"line":33,"column":40},"end":{"line":33,"column":null}},"5":{"start":{"line":34,"column":40},"end":{"line":37,"column":null}},"6":{"start":{"line":39,"column":4},"end":{"line":50,"column":null}},"7":{"start":{"line":40,"column":8},"end":{"line":49,"column":null}},"8":{"start":{"line":41,"column":12},"end":{"line":41,"column":null}},"9":{"start":{"line":42,"column":12},"end":{"line":42,"column":null}},"10":{"start":{"line":43,"column":12},"end":{"line":43,"column":null}},"11":{"start":{"line":46,"column":12},"end":{"line":46,"column":null}},"12":{"start":{"line":47,"column":12},"end":{"line":47,"column":null}},"13":{"start":{"line":48,"column":12},"end":{"line":48,"column":null}},"14":{"start":{"line":52,"column":4},"end":{"line":52,"column":null}},"15":{"start":{"line":52,"column":17},"end":{"line":52,"column":null}},"16":{"start":{"line":54,"column":29},"end":{"line":57,"column":null}},"17":{"start":{"line":55,"column":8},"end":{"line":55,"column":null}},"18":{"start":{"line":56,"column":8},"end":{"line":56,"column":null}},"19":{"start":{"line":56,"column":25},"end":{"line":56,"column":48}},"20":{"start":{"line":59,"column":25},"end":{"line":101,"column":null}},"21":{"start":{"line":60,"column":8},"end":{"line":60,"column":null}},"22":{"start":{"line":62,"column":8},"end":{"line":65,"column":null}},"23":{"start":{"line":63,"column":12},"end":{"line":63,"column":null}},"24":{"start":{"line":64,"column":12},"end":{"line":64,"column":null}},"25":{"start":{"line":67,"column":8},"end":{"line":67,"column":null}},"26":{"start":{"line":69,"column":8},"end":{"line":100,"column":null}},"27":{"start":{"line":70,"column":12},"end":{"line":87,"column":null}},"28":{"start":{"line":71,"column":16},"end":{"line":75,"column":null}},"29":{"start":{"line":76,"column":16},"end":{"line":76,"column":null}},"30":{"start":{"line":78,"column":16},"end":{"line":85,"column":null}},"31":{"start":{"line":86,"column":16},"end":{"line":86,"column":null}},"32":{"start":{"line":89,"column":12},"end":{"line":92,"column":null}},"33":{"start":{"line":90,"column":16},"end":{"line":90,"column":null}},"34":{"start":{"line":91,"column":16},"end":{"line":91,"column":null}},"35":{"start":{"line":94,"column":24},"end":{"line":94,"column":null}},"36":{"start":{"line":95,"column":12},"end":{"line":95,"column":null}},"37":{"start":{"line":96,"column":12},"end":{"line":96,"column":null}},"38":{"start":{"line":97,"column":12},"end":{"line":97,"column":null}},"39":{"start":{"line":99,"column":12},"end":{"line":99,"column":null}},"40":{"start":{"line":103,"column":4},"end":{"line":235,"column":null}},"41":{"start":{"line":152,"column":32},"end":{"line":167,"column":null}},"42":{"start":{"line":155,"column":51},"end":{"line":155,"column":null}},"43":{"start":{"line":156,"column":56},"end":{"line":156,"column":null}},"44":{"start":{"line":157,"column":56},"end":{"line":157,"column":null}},"45":{"start":{"line":179,"column":45},"end":{"line":179,"column":null}},"46":{"start":{"line":193,"column":45},"end":{"line":193,"column":null}}},"fnMap":{"0":{"name":"ReviewModal","decl":{"start":{"line":18,"column":24},"end":{"line":18,"column":36}},"loc":{"start":{"line":28,"column":21},"end":{"line":237,"column":null}},"line":28},"1":{"name":"(anonymous_1)","decl":{"start":{"line":39,"column":14},"end":{"line":39,"column":20}},"loc":{"start":{"line":39,"column":20},"end":{"line":50,"column":7}},"line":39},"2":{"name":"(anonymous_2)","decl":{"start":{"line":54,"column":29},"end":{"line":54,"column":30}},"loc":{"start":{"line":54,"column":77},"end":{"line":57,"column":null}},"line":54},"3":{"name":"(anonymous_3)","decl":{"start":{"line":56,"column":19},"end":{"line":56,"column":25}},"loc":{"start":{"line":56,"column":25},"end":{"line":56,"column":48}},"line":56},"4":{"name":"(anonymous_4)","decl":{"start":{"line":59,"column":25},"end":{"line":59,"column":32}},"loc":{"start":{"line":59,"column":55},"end":{"line":101,"column":null}},"line":59},"5":{"name":"(anonymous_5)","decl":{"start":{"line":89,"column":23},"end":{"line":89,"column":29}},"loc":{"start":{"line":89,"column":29},"end":{"line":92,"column":15}},"line":89},"6":{"name":"(anonymous_6)","decl":{"start":{"line":151,"column":49},"end":{"line":151,"column":50}},"loc":{"start":{"line":152,"column":32},"end":{"line":167,"column":null}},"line":152},"7":{"name":"(anonymous_7)","decl":{"start":{"line":155,"column":45},"end":{"line":155,"column":51}},"loc":{"start":{"line":155,"column":51},"end":{"line":155,"column":null}},"line":155},"8":{"name":"(anonymous_8)","decl":{"start":{"line":156,"column":50},"end":{"line":156,"column":56}},"loc":{"start":{"line":156,"column":56},"end":{"line":156,"column":null}},"line":156},"9":{"name":"(anonymous_9)","decl":{"start":{"line":157,"column":50},"end":{"line":157,"column":56}},"loc":{"start":{"line":157,"column":56},"end":{"line":157,"column":null}},"line":157},"10":{"name":"(anonymous_10)","decl":{"start":{"line":179,"column":38},"end":{"line":179,"column":39}},"loc":{"start":{"line":179,"column":45},"end":{"line":179,"column":null}},"line":179},"11":{"name":"(anonymous_11)","decl":{"start":{"line":193,"column":38},"end":{"line":193,"column":39}},"loc":{"start":{"line":193,"column":45},"end":{"line":193,"column":null}},"line":193}},"branchMap":{"0":{"loc":{"start":{"line":26,"column":4},"end":{"line":26,"column":null}},"type":"default-arg","locations":[{"start":{"line":26,"column":15},"end":{"line":26,"column":null}}],"line":26},"1":{"loc":{"start":{"line":40,"column":8},"end":{"line":49,"column":null}},"type":"if","locations":[{"start":{"line":40,"column":8},"end":{"line":49,"column":null}},{"start":{"line":44,"column":15},"end":{"line":49,"column":null}}],"line":40},"2":{"loc":{"start":{"line":40,"column":12},"end":{"line":40,"column":41}},"type":"binary-expr","locations":[{"start":{"line":40,"column":12},"end":{"line":40,"column":24}},{"start":{"line":40,"column":24},"end":{"line":40,"column":41}}],"line":40},"3":{"loc":{"start":{"line":42,"column":21},"end":{"line":42,"column":48}},"type":"binary-expr","locations":[{"start":{"line":42,"column":21},"end":{"line":42,"column":46}},{"start":{"line":42,"column":46},"end":{"line":42,"column":48}}],"line":42},"4":{"loc":{"start":{"line":52,"column":4},"end":{"line":52,"column":null}},"type":"if","locations":[{"start":{"line":52,"column":4},"end":{"line":52,"column":null}},{"start":{},"end":{}}],"line":52},"5":{"loc":{"start":{"line":62,"column":8},"end":{"line":65,"column":null}},"type":"if","locations":[{"start":{"line":62,"column":8},"end":{"line":65,"column":null}},{"start":{},"end":{}}],"line":62},"6":{"loc":{"start":{"line":70,"column":12},"end":{"line":87,"column":null}},"type":"if","locations":[{"start":{"line":70,"column":12},"end":{"line":87,"column":null}},{"start":{"line":77,"column":19},"end":{"line":87,"column":null}}],"line":70},"7":{"loc":{"start":{"line":70,"column":16},"end":{"line":70,"column":45}},"type":"binary-expr","locations":[{"start":{"line":70,"column":16},"end":{"line":70,"column":28}},{"start":{"line":70,"column":28},"end":{"line":70,"column":45}}],"line":70},"8":{"loc":{"start":{"line":73,"column":27},"end":{"line":73,"column":null}},"type":"binary-expr","locations":[{"start":{"line":73,"column":27},"end":{"line":73,"column":43}},{"start":{"line":73,"column":43},"end":{"line":73,"column":null}}],"line":73},"9":{"loc":{"start":{"line":83,"column":27},"end":{"line":83,"column":null}},"type":"binary-expr","locations":[{"start":{"line":83,"column":27},"end":{"line":83,"column":43}},{"start":{"line":83,"column":43},"end":{"line":83,"column":null}}],"line":83},"10":{"loc":{"start":{"line":97,"column":38},"end":{"line":97,"column":135}},"type":"binary-expr","locations":[{"start":{"line":97,"column":38},"end":{"line":97,"column":69}},{"start":{"line":97,"column":69},"end":{"line":97,"column":98}},{"start":{"line":97,"column":98},"end":{"line":97,"column":135}}],"line":97},"11":{"loc":{"start":{"line":106,"column":17},"end":{"line":126,"column":null}},"type":"binary-expr","locations":[{"start":{"line":106,"column":17},"end":{"line":106,"column":null}},{"start":{"line":107,"column":20},"end":{"line":126,"column":null}}],"line":106},"12":{"loc":{"start":{"line":109,"column":28},"end":{"line":111,"column":null}},"type":"cond-expr","locations":[{"start":{"line":110,"column":34},"end":{"line":110,"column":null}},{"start":{"line":111,"column":34},"end":{"line":111,"column":null}}],"line":109},"13":{"loc":{"start":{"line":114,"column":25},"end":{"line":117,"column":null}},"type":"cond-expr","locations":[{"start":{"line":115,"column":28},"end":{"line":115,"column":null}},{"start":{"line":117,"column":28},"end":{"line":117,"column":null}}],"line":114},"14":{"loc":{"start":{"line":121,"column":32},"end":{"line":121,"column":null}},"type":"cond-expr","locations":[{"start":{"line":121,"column":66},"end":{"line":121,"column":85}},{"start":{"line":121,"column":85},"end":{"line":121,"column":null}}],"line":121},"15":{"loc":{"start":{"line":131,"column":25},"end":{"line":131,"column":null}},"type":"cond-expr","locations":[{"start":{"line":131,"column":36},"end":{"line":131,"column":55}},{"start":{"line":131,"column":55},"end":{"line":131,"column":null}}],"line":131},"16":{"loc":{"start":{"line":162,"column":44},"end":{"line":164,"column":null}},"type":"cond-expr","locations":[{"start":{"line":163,"column":50},"end":{"line":163,"column":null}},{"start":{"line":164,"column":50},"end":{"line":164,"column":null}}],"line":162},"17":{"loc":{"start":{"line":162,"column":53},"end":{"line":162,"column":null}},"type":"binary-expr","locations":[{"start":{"line":162,"column":53},"end":{"line":162,"column":70}},{"start":{"line":162,"column":70},"end":{"line":162,"column":null}}],"line":162},"18":{"loc":{"start":{"line":214,"column":29},"end":{"line":214,"column":null}},"type":"cond-expr","locations":[{"start":{"line":214,"column":44},"end":{"line":214,"column":65}},{"start":{"line":214,"column":65},"end":{"line":214,"column":null}}],"line":214},"19":{"loc":{"start":{"line":214,"column":65},"end":{"line":214,"column":null}},"type":"cond-expr","locations":[{"start":{"line":214,"column":76},"end":{"line":214,"column":89}},{"start":{"line":214,"column":89},"end":{"line":214,"column":null}}],"line":214}},"s":{"0":100,"1":100,"2":100,"3":100,"4":100,"5":100,"6":100,"7":8,"8":2,"9":2,"10":2,"11":6,"12":6,"13":6,"14":100,"15":0,"16":100,"17":4,"18":4,"19":1,"20":100,"21":4,"22":4,"23":1,"24":1,"25":3,"26":3,"27":3,"28":1,"29":1,"30":2,"31":1,"32":2,"33":2,"34":2,"35":1,"36":1,"37":1,"38":1,"39":3,"40":100,"41":500,"42":3,"43":3,"44":2,"45":34,"46":39},"f":{"0":100,"1":8,"2":4,"3":1,"4":4,"5":2,"6":500,"7":3,"8":3,"9":2,"10":34,"11":39},"b":{"0":[100],"1":[2,6],"2":[8,2],"3":[2,0],"4":[0,100],"5":[1,3],"6":[1,2],"7":[3,1],"8":[1,0],"9":[2,0],"10":[1,0,0],"11":[100,4],"12":[2,2],"13":[2,2],"14":[2,2],"15":[18,82],"16":[392,108],"17":[500,460],"18":[3,97],"19":[17,80]},"meta":{"lastBranch":20,"lastFunction":12,"lastStatement":47,"seen":{"f:18:24:18:36":0,"b:26:15:26:Infinity":0,"s:29:28:29:Infinity":0,"s:30:26:30:Infinity":1,"s:31:30:31:Infinity":2,"s:32:42:32:Infinity":3,"s:33:40:33:Infinity":4,"s:34:40:37:Infinity":5,"s:39:4:50:Infinity":6,"f:39:14:39:20":1,"b:40:8:49:Infinity:44:15:49:Infinity":1,"s:40:8:49:Infinity":7,"b:40:12:40:24:40:24:40:41":2,"s:41:12:41:Infinity":8,"s:42:12:42:Infinity":9,"b:42:21:42:46:42:46:42:48":3,"s:43:12:43:Infinity":10,"s:46:12:46:Infinity":11,"s:47:12:47:Infinity":12,"s:48:12:48:Infinity":13,"b:52:4:52:Infinity:undefined:undefined:undefined:undefined":4,"s:52:4:52:Infinity":14,"s:52:17:52:Infinity":15,"s:54:29:57:Infinity":16,"f:54:29:54:30":2,"s:55:8:55:Infinity":17,"s:56:8:56:Infinity":18,"f:56:19:56:25":3,"s:56:25:56:48":19,"s:59:25:101:Infinity":20,"f:59:25:59:32":4,"s:60:8:60:Infinity":21,"b:62:8:65:Infinity:undefined:undefined:undefined:undefined":5,"s:62:8:65:Infinity":22,"s:63:12:63:Infinity":23,"s:64:12:64:Infinity":24,"s:67:8:67:Infinity":25,"s:69:8:100:Infinity":26,"b:70:12:87:Infinity:77:19:87:Infinity":6,"s:70:12:87:Infinity":27,"b:70:16:70:28:70:28:70:45":7,"s:71:16:75:Infinity":28,"b:73:27:73:43:73:43:73:Infinity":8,"s:76:16:76:Infinity":29,"s:78:16:85:Infinity":30,"b:83:27:83:43:83:43:83:Infinity":9,"s:86:16:86:Infinity":31,"s:89:12:92:Infinity":32,"f:89:23:89:29":5,"s:90:16:90:Infinity":33,"s:91:16:91:Infinity":34,"s:94:24:94:Infinity":35,"s:95:12:95:Infinity":36,"s:96:12:96:Infinity":37,"s:97:12:97:Infinity":38,"b:97:38:97:69:97:69:97:98:97:98:97:135":10,"s:99:12:99:Infinity":39,"s:103:4:235:Infinity":40,"b:106:17:106:Infinity:107:20:126:Infinity":11,"b:110:34:110:Infinity:111:34:111:Infinity":12,"b:115:28:115:Infinity:117:28:117:Infinity":13,"b:121:66:121:85:121:85:121:Infinity":14,"b:131:36:131:55:131:55:131:Infinity":15,"f:151:49:151:50":6,"s:152:32:167:Infinity":41,"f:155:45:155:51":7,"s:155:51:155:Infinity":42,"f:156:50:156:56":8,"s:156:56:156:Infinity":43,"f:157:50:157:56":9,"s:157:56:157:Infinity":44,"b:163:50:163:Infinity:164:50:164:Infinity":16,"b:162:53:162:70:162:70:162:Infinity":17,"f:179:38:179:39":10,"s:179:45:179:Infinity":45,"f:193:38:193:39":11,"s:193:45:193:Infinity":46,"b:214:44:214:65:214:65:214:Infinity":18,"b:214:76:214:89:214:89:214:Infinity":19}}}
,"D:\\SoftWare\\OnlyJs\\OnlyJS Academy Full Stack Development Trainee\\frontend\\src\\components\\layout\\Navbar.tsx": {"path":"D:\\SoftWare\\OnlyJs\\OnlyJS Academy Full Stack Development Trainee\\frontend\\src\\components\\layout\\Navbar.tsx","statementMap":{"0":{"start":{"line":11,"column":36},"end":{"line":11,"column":null}},"1":{"start":{"line":12,"column":58},"end":{"line":12,"column":null}},"2":{"start":{"line":13,"column":38},"end":{"line":13,"column":null}},"3":{"start":{"line":14,"column":33},"end":{"line":14,"column":null}},"4":{"start":{"line":15,"column":42},"end":{"line":15,"column":null}},"5":{"start":{"line":16,"column":10},"end":{"line":16,"column":null}},"6":{"start":{"line":18,"column":23},"end":{"line":18,"column":null}},"7":{"start":{"line":18,"column":29},"end":{"line":18,"column":null}},"8":{"start":{"line":20,"column":25},"end":{"line":25,"column":null}},"9":{"start":{"line":21,"column":8},"end":{"line":24,"column":null}},"10":{"start":{"line":22,"column":12},"end":{"line":22,"column":null}},"11":{"start":{"line":23,"column":12},"end":{"line":23,"column":null}},"12":{"start":{"line":27,"column":33},"end":{"line":31,"column":null}},"13":{"start":{"line":28,"column":8},"end":{"line":30,"column":null}},"14":{"start":{"line":29,"column":12},"end":{"line":29,"column":null}},"15":{"start":{"line":33,"column":25},"end":{"line":36,"column":null}},"16":{"start":{"line":34,"column":8},"end":{"line":34,"column":null}},"17":{"start":{"line":35,"column":8},"end":{"line":35,"column":null}},"18":{"start":{"line":38,"column":4},"end":{"line":352,"column":null}},"19":{"start":{"line":72,"column":53},"end":{"line":72,"column":null}},"20":{"start":{"line":84,"column":57},"end":{"line":84,"column":null}},"21":{"start":{"line":85,"column":57},"end":{"line":85,"column":null}},"22":{"start":{"line":97,"column":52},"end":{"line":97,"column":null}},"23":{"start":{"line":98,"column":52},"end":{"line":98,"column":null}},"24":{"start":{"line":262,"column":37},"end":{"line":262,"column":null}}},"fnMap":{"0":{"name":"Navbar","decl":{"start":{"line":10,"column":24},"end":{"line":10,"column":33}},"loc":{"start":{"line":10,"column":33},"end":{"line":354,"column":null}},"line":10},"1":{"name":"(anonymous_1)","decl":{"start":{"line":18,"column":23},"end":{"line":18,"column":29}},"loc":{"start":{"line":18,"column":29},"end":{"line":18,"column":null}},"line":18},"2":{"name":"(anonymous_2)","decl":{"start":{"line":20,"column":25},"end":{"line":20,"column":31}},"loc":{"start":{"line":20,"column":31},"end":{"line":25,"column":null}},"line":20},"3":{"name":"(anonymous_3)","decl":{"start":{"line":27,"column":33},"end":{"line":27,"column":34}},"loc":{"start":{"line":27,"column":79},"end":{"line":31,"column":null}},"line":27},"4":{"name":"(anonymous_4)","decl":{"start":{"line":33,"column":25},"end":{"line":33,"column":31}},"loc":{"start":{"line":33,"column":31},"end":{"line":36,"column":null}},"line":33},"5":{"name":"(anonymous_5)","decl":{"start":{"line":72,"column":46},"end":{"line":72,"column":47}},"loc":{"start":{"line":72,"column":53},"end":{"line":72,"column":null}},"line":72},"6":{"name":"(anonymous_6)","decl":{"start":{"line":84,"column":50},"end":{"line":84,"column":51}},"loc":{"start":{"line":84,"column":57},"end":{"line":84,"column":null}},"line":84},"7":{"name":"(anonymous_7)","decl":{"start":{"line":85,"column":50},"end":{"line":85,"column":51}},"loc":{"start":{"line":85,"column":57},"end":{"line":85,"column":null}},"line":85},"8":{"name":"(anonymous_8)","decl":{"start":{"line":97,"column":46},"end":{"line":97,"column":52}},"loc":{"start":{"line":97,"column":52},"end":{"line":97,"column":null}},"line":97},"9":{"name":"(anonymous_9)","decl":{"start":{"line":98,"column":46},"end":{"line":98,"column":52}},"loc":{"start":{"line":98,"column":52},"end":{"line":98,"column":null}},"line":98},"10":{"name":"(anonymous_10)","decl":{"start":{"line":262,"column":30},"end":{"line":262,"column":31}},"loc":{"start":{"line":262,"column":37},"end":{"line":262,"column":null}},"line":262}},"branchMap":{"0":{"loc":{"start":{"line":21,"column":8},"end":{"line":24,"column":null}},"type":"if","locations":[{"start":{"line":21,"column":8},"end":{"line":24,"column":null}},{"start":{},"end":{}}],"line":21},"1":{"loc":{"start":{"line":28,"column":8},"end":{"line":30,"column":null}},"type":"if","locations":[{"start":{"line":28,"column":8},"end":{"line":30,"column":null}},{"start":{},"end":{}}],"line":28},"2":{"loc":{"start":{"line":50,"column":29},"end":{"line":53,"column":null}},"type":"cond-expr","locations":[{"start":{"line":51,"column":32},"end":{"line":51,"column":null}},{"start":{"line":53,"column":32},"end":{"line":53,"column":null}}],"line":50},"3":{"loc":{"start":{"line":110,"column":37},"end":{"line":113,"column":null}},"type":"binary-expr","locations":[{"start":{"line":110,"column":37},"end":{"line":110,"column":56}},{"start":{"line":110,"column":56},"end":{"line":110,"column":null}},{"start":{"line":111,"column":40},"end":{"line":113,"column":null}}],"line":110},"4":{"loc":{"start":{"line":118,"column":33},"end":{"line":151,"column":null}},"type":"binary-expr","locations":[{"start":{"line":118,"column":33},"end":{"line":118,"column":null}},{"start":{"line":119,"column":36},"end":{"line":151,"column":null}}],"line":118},"5":{"loc":{"start":{"line":120,"column":41},"end":{"line":149,"column":null}},"type":"cond-expr","locations":[{"start":{"line":121,"column":44},"end":{"line":134,"column":null}},{"start":{"line":136,"column":44},"end":{"line":149,"column":null}}],"line":120},"6":{"loc":{"start":{"line":271,"column":13},"end":{"line":350,"column":null}},"type":"binary-expr","locations":[{"start":{"line":271,"column":13},"end":{"line":271,"column":null}},{"start":{"line":272,"column":16},"end":{"line":350,"column":null}}],"line":271}},"s":{"0":18,"1":18,"2":18,"3":18,"4":18,"5":18,"6":18,"7":3,"8":18,"9":1,"10":1,"11":1,"12":18,"13":1,"14":1,"15":18,"16":1,"17":1,"18":18,"19":1,"20":1,"21":1,"22":2,"23":0,"24":1},"f":{"0":18,"1":3,"2":1,"3":1,"4":1,"5":1,"6":1,"7":1,"8":2,"9":0,"10":1},"b":{"0":[1,0],"1":[1,0],"2":[3,15],"3":[18,4,4],"4":[18,3],"5":[2,1],"6":[18,3]},"meta":{"lastBranch":7,"lastFunction":11,"lastStatement":25,"seen":{"f:10:24:10:33":0,"s:11:36:11:Infinity":0,"s:12:58:12:Infinity":1,"s:13:38:13:Infinity":2,"s:14:33:14:Infinity":3,"s:15:42:15:Infinity":4,"s:16:10:16:Infinity":5,"s:18:23:18:Infinity":6,"f:18:23:18:29":1,"s:18:29:18:Infinity":7,"s:20:25:25:Infinity":8,"f:20:25:20:31":2,"b:21:8:24:Infinity:undefined:undefined:undefined:undefined":0,"s:21:8:24:Infinity":9,"s:22:12:22:Infinity":10,"s:23:12:23:Infinity":11,"s:27:33:31:Infinity":12,"f:27:33:27:34":3,"b:28:8:30:Infinity:undefined:undefined:undefined:undefined":1,"s:28:8:30:Infinity":13,"s:29:12:29:Infinity":14,"s:33:25:36:Infinity":15,"f:33:25:33:31":4,"s:34:8:34:Infinity":16,"s:35:8:35:Infinity":17,"s:38:4:352:Infinity":18,"b:51:32:51:Infinity:53:32:53:Infinity":2,"f:72:46:72:47":5,"s:72:53:72:Infinity":19,"f:84:50:84:51":6,"s:84:57:84:Infinity":20,"f:85:50:85:51":7,"s:85:57:85:Infinity":21,"f:97:46:97:52":8,"s:97:52:97:Infinity":22,"f:98:46:98:52":9,"s:98:52:98:Infinity":23,"b:110:37:110:56:110:56:110:Infinity:111:40:113:Infinity":3,"b:118:33:118:Infinity:119:36:151:Infinity":4,"b:121:44:134:Infinity:136:44:149:Infinity":5,"f:262:30:262:31":10,"s:262:37:262:Infinity":24,"b:271:13:271:Infinity:272:16:350:Infinity":6}}}
,"D:\\SoftWare\\OnlyJs\\OnlyJS Academy Full Stack Development Trainee\\frontend\\src\\context\\AuthContext.tsx": {"path":"D:\\SoftWare\\OnlyJs\\OnlyJS Academy Full Stack Development Trainee\\frontend\\src\\context\\AuthContext.tsx","statementMap":{"0":{"start":{"line":5,"column":23},"end":{"line":11,"column":null}},"1":{"start":{"line":6,"column":4},"end":{"line":10,"column":null}},"2":{"start":{"line":7,"column":8},"end":{"line":7,"column":null}},"3":{"start":{"line":9,"column":8},"end":{"line":9,"column":null}},"4":{"start":{"line":13,"column":23},"end":{"line":23,"column":null}},"5":{"start":{"line":14,"column":4},"end":{"line":22,"column":null}},"6":{"start":{"line":15,"column":8},"end":{"line":19,"column":null}},"7":{"start":{"line":16,"column":12},"end":{"line":16,"column":null}},"8":{"start":{"line":18,"column":12},"end":{"line":18,"column":null}},"9":{"start":{"line":21,"column":8},"end":{"line":21,"column":null}},"10":{"start":{"line":26,"column":24},"end":{"line":26,"column":null}},"11":{"start":{"line":27,"column":34},"end":{"line":27,"column":null}},"12":{"start":{"line":29,"column":4},"end":{"line":46,"column":null}},"13":{"start":{"line":30,"column":25},"end":{"line":44,"column":null}},"14":{"start":{"line":31,"column":12},"end":{"line":43,"column":null}},"15":{"start":{"line":32,"column":30},"end":{"line":32,"column":null}},"16":{"start":{"line":33,"column":16},"end":{"line":37,"column":null}},"17":{"start":{"line":34,"column":44},"end":{"line":34,"column":null}},"18":{"start":{"line":35,"column":40},"end":{"line":35,"column":null}},"19":{"start":{"line":36,"column":20},"end":{"line":36,"column":null}},"20":{"start":{"line":39,"column":16},"end":{"line":39,"column":null}},"21":{"start":{"line":40,"column":16},"end":{"line":40,"column":null}},"22":{"start":{"line":42,"column":16},"end":{"line":42,"column":null}},"23":{"start":{"line":45,"column":8},"end":{"line":45,"column":null}},"24":{"start":{"line":48,"column":18},"end":{"line":53,"column":null}},"25":{"start":{"line":49,"column":32},"end":{"line":49,"column":null}},"26":{"start":{"line":50,"column":25},"end":{"line":50,"column":null}},"27":{"start":{"line":51,"column":8},"end":{"line":51,"column":null}},"28":{"start":{"line":52,"column":8},"end":{"line":52,"column":null}},"29":{"start":{"line":55,"column":21},"end":{"line":62,"column":null}},"30":{"start":{"line":56,"column":32},"end":{"line":56,"column":null}},"31":{"start":{"line":57,"column":25},"end":{"line":57,"column":null}},"32":{"start":{"line":58,"column":8},"end":{"line":61,"column":null}},"33":{"start":{"line":59,"column":12},"end":{"line":59,"column":null}},"34":{"start":{"line":60,"column":12},"end":{"line":60,"column":null}},"35":{"start":{"line":64,"column":24},"end":{"line":69,"column":null}},"36":{"start":{"line":65,"column":32},"end":{"line":65,"column":null}},"37":{"start":{"line":66,"column":25},"end":{"line":66,"column":null}},"38":{"start":{"line":67,"column":8},"end":{"line":67,"column":null}},"39":{"start":{"line":68,"column":8},"end":{"line":68,"column":null}},"40":{"start":{"line":71,"column":19},"end":{"line":74,"column":null}},"41":{"start":{"line":72,"column":8},"end":{"line":72,"column":null}},"42":{"start":{"line":73,"column":8},"end":{"line":73,"column":null}},"43":{"start":{"line":76,"column":4},"end":{"line":89,"column":null}},"44":{"start":{"line":95,"column":10},"end":{"line":95,"column":null}},"45":{"start":{"line":96,"column":4},"end":{"line":98,"column":null}},"46":{"start":{"line":97,"column":8},"end":{"line":97,"column":null}},"47":{"start":{"line":99,"column":4},"end":{"line":99,"column":null}}},"fnMap":{"0":{"name":"(anonymous_0)","decl":{"start":{"line":5,"column":23},"end":{"line":5,"column":44}},"loc":{"start":{"line":5,"column":44},"end":{"line":11,"column":null}},"line":5},"1":{"name":"(anonymous_1)","decl":{"start":{"line":13,"column":23},"end":{"line":13,"column":24}},"loc":{"start":{"line":13,"column":49},"end":{"line":23,"column":null}},"line":13},"2":{"name":"AuthProvider","decl":{"start":{"line":25,"column":16},"end":{"line":25,"column":29}},"loc":{"start":{"line":25,"column":68},"end":{"line":91,"column":null}},"line":25},"3":{"name":"(anonymous_3)","decl":{"start":{"line":29,"column":14},"end":{"line":29,"column":20}},"loc":{"start":{"line":29,"column":20},"end":{"line":46,"column":7}},"line":29},"4":{"name":"(anonymous_4)","decl":{"start":{"line":30,"column":25},"end":{"line":30,"column":37}},"loc":{"start":{"line":30,"column":37},"end":{"line":44,"column":null}},"line":30},"5":{"name":"(anonymous_5)","decl":{"start":{"line":48,"column":18},"end":{"line":48,"column":25}},"loc":{"start":{"line":48,"column":48},"end":{"line":53,"column":null}},"line":48},"6":{"name":"(anonymous_6)","decl":{"start":{"line":55,"column":21},"end":{"line":55,"column":28}},"loc":{"start":{"line":55,"column":54},"end":{"line":62,"column":null}},"line":55},"7":{"name":"(anonymous_7)","decl":{"start":{"line":64,"column":24},"end":{"line":64,"column":31}},"loc":{"start":{"line":64,"column":63},"end":{"line":69,"column":null}},"line":64},"8":{"name":"(anonymous_8)","decl":{"start":{"line":71,"column":19},"end":{"line":71,"column":25}},"loc":{"start":{"line":71,"column":25},"end":{"line":74,"column":null}},"line":71},"9":{"name":"useAuth","decl":{"start":{"line":94,"column":16},"end":{"line":94,"column":26}},"loc":{"start":{"line":94,"column":26},"end":{"line":100,"column":null}},"line":94}},"branchMap":{"0":{"loc":{"start":{"line":15,"column":8},"end":{"line":19,"column":null}},"type":"if","locations":[{"start":{"line":15,"column":8},"end":{"line":19,"column":null}},{"start":{"line":17,"column":15},"end":{"line":19,"column":null}}],"line":15},"1":{"loc":{"start":{"line":33,"column":16},"end":{"line":37,"column":null}},"type":"if","locations":[{"start":{"line":33,"column":16},"end":{"line":37,"column":null}},{"start":{},"end":{}}],"line":33},"2":{"loc":{"start":{"line":58,"column":8},"end":{"line":61,"column":null}},"type":"if","locations":[{"start":{"line":58,"column":8},"end":{"line":61,"column":null}},{"start":{},"end":{}}],"line":58},"3":{"loc":{"start":{"line":96,"column":4},"end":{"line":98,"column":null}},"type":"if","locations":[{"start":{"line":96,"column":4},"end":{"line":98,"column":null}},{"start":{},"end":{}}],"line":96}},"s":{"0":3,"1":21,"2":21,"3":0,"4":3,"5":6,"6":6,"7":3,"8":3,"9":1,"10":46,"11":46,"12":46,"13":21,"14":21,"15":21,"16":21,"17":8,"18":8,"19":6,"20":2,"21":2,"22":21,"23":21,"24":46,"25":1,"26":1,"27":1,"28":1,"29":46,"30":1,"31":1,"32":1,"33":1,"34":1,"35":46,"36":1,"37":1,"38":1,"39":1,"40":46,"41":1,"42":1,"43":46,"44":45,"45":45,"46":2,"47":42},"f":{"0":21,"1":6,"2":46,"3":21,"4":21,"5":1,"6":1,"7":1,"8":1,"9":45},"b":{"0":[3,3],"1":[8,13],"2":[1,0],"3":[2,43]},"meta":{"lastBranch":4,"lastFunction":10,"lastStatement":48,"seen":{"s:5:23:11:Infinity":0,"f:5:23:5:44":0,"s:6:4:10:Infinity":1,"s:7:8:7:Infinity":2,"s:9:8:9:Infinity":3,"s:13:23:23:Infinity":4,"f:13:23:13:24":1,"s:14:4:22:Infinity":5,"b:15:8:19:Infinity:17:15:19:Infinity":0,"s:15:8:19:Infinity":6,"s:16:12:16:Infinity":7,"s:18:12:18:Infinity":8,"s:21:8:21:Infinity":9,"f:25:16:25:29":2,"s:26:24:26:Infinity":10,"s:27:34:27:Infinity":11,"s:29:4:46:Infinity":12,"f:29:14:29:20":3,"s:30:25:44:Infinity":13,"f:30:25:30:37":4,"s:31:12:43:Infinity":14,"s:32:30:32:Infinity":15,"b:33:16:37:Infinity:undefined:undefined:undefined:undefined":1,"s:33:16:37:Infinity":16,"s:34:44:34:Infinity":17,"s:35:40:35:Infinity":18,"s:36:20:36:Infinity":19,"s:39:16:39:Infinity":20,"s:40:16:40:Infinity":21,"s:42:16:42:Infinity":22,"s:45:8:45:Infinity":23,"s:48:18:53:Infinity":24,"f:48:18:48:25":5,"s:49:32:49:Infinity":25,"s:50:25:50:Infinity":26,"s:51:8:51:Infinity":27,"s:52:8:52:Infinity":28,"s:55:21:62:Infinity":29,"f:55:21:55:28":6,"s:56:32:56:Infinity":30,"s:57:25:57:Infinity":31,"b:58:8:61:Infinity:undefined:undefined:undefined:undefined":2,"s:58:8:61:Infinity":32,"s:59:12:59:Infinity":33,"s:60:12:60:Infinity":34,"s:64:24:69:Infinity":35,"f:64:24:64:31":7,"s:65:32:65:Infinity":36,"s:66:25:66:Infinity":37,"s:67:8:67:Infinity":38,"s:68:8:68:Infinity":39,"s:71:19:74:Infinity":40,"f:71:19:71:25":8,"s:72:8:72:Infinity":41,"s:73:8:73:Infinity":42,"s:76:4:89:Infinity":43,"f:94:16:94:26":9,"s:95:10:95:Infinity":44,"b:96:4:98:Infinity:undefined:undefined:undefined:undefined":3,"s:96:4:98:Infinity":45,"s:97:8:97:Infinity":46,"s:99:4:99:Infinity":47}}}
,"D:\\SoftWare\\OnlyJs\\OnlyJS Academy Full Stack Development Trainee\\frontend\\src\\context\\AuthContextObject.ts": {"path":"D:\\SoftWare\\OnlyJs\\OnlyJS Academy Full Stack Development Trainee\\frontend\\src\\context\\AuthContextObject.ts","statementMap":{"0":{"start":{"line":14,"column":13},"end":{"line":14,"column":null}}},"fnMap":{},"branchMap":{},"s":{"0":3},"f":{},"b":{},"meta":{"lastBranch":0,"lastFunction":0,"lastStatement":1,"seen":{"s:14:13:14:Infinity":0}}}
,"D:\\SoftWare\\OnlyJs\\OnlyJS Academy Full Stack Development Trainee\\frontend\\src\\context\\CartContext.tsx": {"path":"D:\\SoftWare\\OnlyJs\\OnlyJS Academy Full Stack Development Trainee\\frontend\\src\\context\\CartContext.tsx","statementMap":{"0":{"start":{"line":7,"column":26},"end":{"line":7,"column":null}},"1":{"start":{"line":8,"column":28},"end":{"line":8,"column":null}},"2":{"start":{"line":9,"column":34},"end":{"line":9,"column":null}},"3":{"start":{"line":11,"column":22},"end":{"line":59,"column":null}},"4":{"start":{"line":12,"column":8},"end":{"line":58,"column":null}},"5":{"start":{"line":13,"column":26},"end":{"line":13,"column":null}},"6":{"start":{"line":15,"column":12},"end":{"line":55,"column":null}},"7":{"start":{"line":16,"column":33},"end":{"line":16,"column":null}},"8":{"start":{"line":18,"column":37},"end":{"line":18,"column":null}},"9":{"start":{"line":20,"column":53},"end":{"line":47,"column":null}},"10":{"start":{"line":21,"column":42},"end":{"line":21,"column":null}},"11":{"start":{"line":22,"column":37},"end":{"line":22,"column":null}},"12":{"start":{"line":24,"column":39},"end":{"line":26,"column":null}},"13":{"start":{"line":28,"column":45},"end":{"line":28,"column":null}},"14":{"start":{"line":29,"column":37},"end":{"line":31,"column":null}},"15":{"start":{"line":33,"column":20},"end":{"line":46,"column":null}},"16":{"start":{"line":49,"column":16},"end":{"line":49,"column":null}},"17":{"start":{"line":51,"column":34},"end":{"line":51,"column":null}},"18":{"start":{"line":52,"column":16},"end":{"line":54,"column":null}},"19":{"start":{"line":53,"column":20},"end":{"line":53,"column":null}},"20":{"start":{"line":57,"column":12},"end":{"line":57,"column":null}},"21":{"start":{"line":61,"column":4},"end":{"line":63,"column":null}},"22":{"start":{"line":62,"column":8},"end":{"line":62,"column":null}},"23":{"start":{"line":65,"column":22},"end":{"line":102,"column":null}},"24":{"start":{"line":66,"column":8},"end":{"line":101,"column":null}},"25":{"start":{"line":67,"column":26},"end":{"line":67,"column":null}},"26":{"start":{"line":70,"column":12},"end":{"line":73,"column":null}},"27":{"start":{"line":71,"column":16},"end":{"line":71,"column":null}},"28":{"start":{"line":72,"column":16},"end":{"line":72,"column":null}},"29":{"start":{"line":75,"column":12},"end":{"line":94,"column":null}},"30":{"start":{"line":76,"column":16},"end":{"line":79,"column":null}},"31":{"start":{"line":80,"column":16},"end":{"line":80,"column":null}},"32":{"start":{"line":82,"column":42},"end":{"line":82,"column":null}},"33":{"start":{"line":82,"column":66},"end":{"line":82,"column":102}},"34":{"start":{"line":85,"column":16},"end":{"line":90,"column":null}},"35":{"start":{"line":86,"column":20},"end":{"line":86,"column":null}},"36":{"start":{"line":87,"column":20},"end":{"line":87,"column":null}},"37":{"start":{"line":89,"column":20},"end":{"line":89,"column":null}},"38":{"start":{"line":92,"column":16},"end":{"line":92,"column":null}},"39":{"start":{"line":93,"column":16},"end":{"line":93,"column":null}},"40":{"start":{"line":96,"column":12},"end":{"line":96,"column":null}},"41":{"start":{"line":97,"column":12},"end":{"line":97,"column":null}},"42":{"start":{"line":98,"column":12},"end":{"line":98,"column":null}},"43":{"start":{"line":98,"column":29},"end":{"line":98,"column":50}},"44":{"start":{"line":100,"column":12},"end":{"line":100,"column":null}},"45":{"start":{"line":104,"column":27},"end":{"line":119,"column":null}},"46":{"start":{"line":105,"column":8},"end":{"line":118,"column":null}},"47":{"start":{"line":106,"column":26},"end":{"line":106,"column":null}},"48":{"start":{"line":108,"column":12},"end":{"line":115,"column":null}},"49":{"start":{"line":109,"column":16},"end":{"line":109,"column":null}},"50":{"start":{"line":110,"column":16},"end":{"line":110,"column":null}},"51":{"start":{"line":112,"column":37},"end":{"line":112,"column":null}},"52":{"start":{"line":112,"column":58},"end":{"line":112,"column":88}},"53":{"start":{"line":113,"column":16},"end":{"line":113,"column":null}},"54":{"start":{"line":114,"column":16},"end":{"line":114,"column":null}},"55":{"start":{"line":117,"column":12},"end":{"line":117,"column":null}},"56":{"start":{"line":121,"column":27},"end":{"line":143,"column":null}},"57":{"start":{"line":122,"column":8},"end":{"line":125,"column":null}},"58":{"start":{"line":123,"column":12},"end":{"line":123,"column":null}},"59":{"start":{"line":124,"column":12},"end":{"line":124,"column":null}},"60":{"start":{"line":127,"column":8},"end":{"line":142,"column":null}},"61":{"start":{"line":128,"column":26},"end":{"line":128,"column":null}},"62":{"start":{"line":130,"column":12},"end":{"line":139,"column":null}},"63":{"start":{"line":131,"column":16},"end":{"line":131,"column":null}},"64":{"start":{"line":132,"column":16},"end":{"line":132,"column":null}},"65":{"start":{"line":134,"column":37},"end":{"line":136,"column":null}},"66":{"start":{"line":135,"column":20},"end":{"line":135,"column":null}},"67":{"start":{"line":137,"column":16},"end":{"line":137,"column":null}},"68":{"start":{"line":138,"column":16},"end":{"line":138,"column":null}},"69":{"start":{"line":141,"column":12},"end":{"line":141,"column":null}},"70":{"start":{"line":145,"column":22},"end":{"line":158,"column":null}},"71":{"start":{"line":146,"column":8},"end":{"line":157,"column":null}},"72":{"start":{"line":147,"column":26},"end":{"line":147,"column":null}},"73":{"start":{"line":149,"column":12},"end":{"line":153,"column":null}},"74":{"start":{"line":150,"column":16},"end":{"line":150,"column":null}},"75":{"start":{"line":152,"column":16},"end":{"line":152,"column":null}},"76":{"start":{"line":154,"column":12},"end":{"line":154,"column":null}},"77":{"start":{"line":156,"column":12},"end":{"line":156,"column":null}},"78":{"start":{"line":160,"column":21},"end":{"line":160,"column":null}},"79":{"start":{"line":160,"column":27},"end":{"line":160,"column":null}},"80":{"start":{"line":161,"column":22},"end":{"line":161,"column":null}},"81":{"start":{"line":161,"column":28},"end":{"line":161,"column":null}},"82":{"start":{"line":163,"column":23},"end":{"line":163,"column":null}},"83":{"start":{"line":163,"column":51},"end":{"line":163,"column":85}},"84":{"start":{"line":164,"column":23},"end":{"line":164,"column":null}},"85":{"start":{"line":164,"column":51},"end":{"line":164,"column":72}},"86":{"start":{"line":166,"column":4},"end":{"line":183,"column":null}},"87":{"start":{"line":189,"column":10},"end":{"line":189,"column":null}},"88":{"start":{"line":190,"column":4},"end":{"line":192,"column":null}},"89":{"start":{"line":191,"column":8},"end":{"line":191,"column":null}},"90":{"start":{"line":193,"column":4},"end":{"line":193,"column":null}}},"fnMap":{"0":{"name":"CartProvider","decl":{"start":{"line":6,"column":16},"end":{"line":6,"column":29}},"loc":{"start":{"line":6,"column":68},"end":{"line":185,"column":null}},"line":6},"1":{"name":"(anonymous_1)","decl":{"start":{"line":11,"column":22},"end":{"line":11,"column":34}},"loc":{"start":{"line":11,"column":34},"end":{"line":59,"column":null}},"line":11},"2":{"name":"(anonymous_2)","decl":{"start":{"line":20,"column":70},"end":{"line":20,"column":71}},"loc":{"start":{"line":20,"column":90},"end":{"line":47,"column":17}},"line":20},"3":{"name":"(anonymous_3)","decl":{"start":{"line":61,"column":14},"end":{"line":61,"column":20}},"loc":{"start":{"line":61,"column":20},"end":{"line":63,"column":7}},"line":61},"4":{"name":"(anonymous_4)","decl":{"start":{"line":65,"column":22},"end":{"line":65,"column":29}},"loc":{"start":{"line":65,"column":108},"end":{"line":102,"column":null}},"line":65},"5":{"name":"(anonymous_5)","decl":{"start":{"line":82,"column":58},"end":{"line":82,"column":66}},"loc":{"start":{"line":82,"column":66},"end":{"line":82,"column":102}},"line":82},"6":{"name":"(anonymous_6)","decl":{"start":{"line":98,"column":23},"end":{"line":98,"column":29}},"loc":{"start":{"line":98,"column":29},"end":{"line":98,"column":50}},"line":98},"7":{"name":"(anonymous_7)","decl":{"start":{"line":104,"column":27},"end":{"line":104,"column":34}},"loc":{"start":{"line":104,"column":57},"end":{"line":119,"column":null}},"line":104},"8":{"name":"(anonymous_8)","decl":{"start":{"line":112,"column":50},"end":{"line":112,"column":58}},"loc":{"start":{"line":112,"column":58},"end":{"line":112,"column":88}},"line":112},"9":{"name":"(anonymous_9)","decl":{"start":{"line":121,"column":27},"end":{"line":121,"column":34}},"loc":{"start":{"line":121,"column":75},"end":{"line":143,"column":null}},"line":121},"10":{"name":"(anonymous_10)","decl":{"start":{"line":134,"column":47},"end":{"line":134,"column":null}},"loc":{"start":{"line":135,"column":20},"end":{"line":135,"column":null}},"line":135},"11":{"name":"(anonymous_11)","decl":{"start":{"line":145,"column":22},"end":{"line":145,"column":34}},"loc":{"start":{"line":145,"column":34},"end":{"line":158,"column":null}},"line":145},"12":{"name":"(anonymous_12)","decl":{"start":{"line":160,"column":21},"end":{"line":160,"column":27}},"loc":{"start":{"line":160,"column":27},"end":{"line":160,"column":null}},"line":160},"13":{"name":"(anonymous_13)","decl":{"start":{"line":161,"column":22},"end":{"line":161,"column":28}},"loc":{"start":{"line":161,"column":28},"end":{"line":161,"column":null}},"line":161},"14":{"name":"(anonymous_14)","decl":{"start":{"line":163,"column":36},"end":{"line":163,"column":37}},"loc":{"start":{"line":163,"column":51},"end":{"line":163,"column":85}},"line":163},"15":{"name":"(anonymous_15)","decl":{"start":{"line":164,"column":36},"end":{"line":164,"column":37}},"loc":{"start":{"line":164,"column":51},"end":{"line":164,"column":72}},"line":164},"16":{"name":"useCart","decl":{"start":{"line":188,"column":16},"end":{"line":188,"column":26}},"loc":{"start":{"line":188,"column":26},"end":{"line":194,"column":null}},"line":188}},"branchMap":{"0":{"loc":{"start":{"line":15,"column":12},"end":{"line":55,"column":null}},"type":"if","locations":[{"start":{"line":15,"column":12},"end":{"line":55,"column":null}},{"start":{"line":50,"column":19},"end":{"line":55,"column":null}}],"line":15},"1":{"loc":{"start":{"line":18,"column":37},"end":{"line":18,"column":null}},"type":"binary-expr","locations":[{"start":{"line":18,"column":37},"end":{"line":18,"column":72}},{"start":{"line":18,"column":72},"end":{"line":18,"column":null}}],"line":18},"2":{"loc":{"start":{"line":24,"column":39},"end":{"line":26,"column":null}},"type":"cond-expr","locations":[{"start":{"line":25,"column":26},"end":{"line":25,"column":null}},{"start":{"line":26,"column":26},"end":{"line":26,"column":null}}],"line":24},"3":{"loc":{"start":{"line":24,"column":39},"end":{"line":24,"column":null}},"type":"binary-expr","locations":[{"start":{"line":24,"column":39},"end":{"line":24,"column":51}},{"start":{"line":24,"column":51},"end":{"line":24,"column":null}}],"line":24},"4":{"loc":{"start":{"line":29,"column":37},"end":{"line":31,"column":null}},"type":"cond-expr","locations":[{"start":{"line":30,"column":26},"end":{"line":30,"column":null}},{"start":{"line":31,"column":26},"end":{"line":31,"column":null}}],"line":29},"5":{"loc":{"start":{"line":36,"column":37},"end":{"line":36,"column":null}},"type":"binary-expr","locations":[{"start":{"line":36,"column":37},"end":{"line":36,"column":73}},{"start":{"line":36,"column":73},"end":{"line":36,"column":null}}],"line":36},"6":{"loc":{"start":{"line":41,"column":30},"end":{"line":41,"column":null}},"type":"binary-expr","locations":[{"start":{"line":41,"column":30},"end":{"line":41,"column":51}},{"start":{"line":41,"column":51},"end":{"line":41,"column":null}}],"line":41},"7":{"loc":{"start":{"line":52,"column":16},"end":{"line":54,"column":null}},"type":"if","locations":[{"start":{"line":52,"column":16},"end":{"line":54,"column":null}},{"start":{},"end":{}}],"line":52},"8":{"loc":{"start":{"line":65,"column":83},"end":{"line":65,"column":108}},"type":"default-arg","locations":[{"start":{"line":65,"column":102},"end":{"line":65,"column":108}}],"line":65},"9":{"loc":{"start":{"line":70,"column":12},"end":{"line":73,"column":null}},"type":"if","locations":[{"start":{"line":70,"column":12},"end":{"line":73,"column":null}},{"start":{},"end":{}}],"line":70},"10":{"loc":{"start":{"line":75,"column":12},"end":{"line":94,"column":null}},"type":"if","locations":[{"start":{"line":75,"column":12},"end":{"line":94,"column":null}},{"start":{"line":81,"column":19},"end":{"line":94,"column":null}}],"line":75},"11":{"loc":{"start":{"line":85,"column":16},"end":{"line":90,"column":null}},"type":"if","locations":[{"start":{"line":85,"column":16},"end":{"line":90,"column":null}},{"start":{"line":88,"column":23},"end":{"line":90,"column":null}}],"line":85},"12":{"loc":{"start":{"line":108,"column":12},"end":{"line":115,"column":null}},"type":"if","locations":[{"start":{"line":108,"column":12},"end":{"line":115,"column":null}},{"start":{"line":111,"column":19},"end":{"line":115,"column":null}}],"line":108},"13":{"loc":{"start":{"line":122,"column":8},"end":{"line":125,"column":null}},"type":"if","locations":[{"start":{"line":122,"column":8},"end":{"line":125,"column":null}},{"start":{},"end":{}}],"line":122},"14":{"loc":{"start":{"line":130,"column":12},"end":{"line":139,"column":null}},"type":"if","locations":[{"start":{"line":130,"column":12},"end":{"line":139,"column":null}},{"start":{"line":133,"column":19},"end":{"line":139,"column":null}}],"line":130},"15":{"loc":{"start":{"line":135,"column":20},"end":{"line":135,"column":null}},"type":"cond-expr","locations":[{"start":{"line":135,"column":53},"end":{"line":135,"column":77}},{"start":{"line":135,"column":77},"end":{"line":135,"column":null}}],"line":135},"16":{"loc":{"start":{"line":149,"column":12},"end":{"line":153,"column":null}},"type":"if","locations":[{"start":{"line":149,"column":12},"end":{"line":153,"column":null}},{"start":{"line":151,"column":19},"end":{"line":153,"column":null}}],"line":149},"17":{"loc":{"start":{"line":190,"column":4},"end":{"line":192,"column":null}},"type":"if","locations":[{"start":{"line":190,"column":4},"end":{"line":192,"column":null}},{"start":{},"end":{}}],"line":190}},"s":{"0":29,"1":29,"2":29,"3":29,"4":14,"5":14,"6":14,"7":5,"8":3,"9":5,"10":3,"11":3,"12":3,"13":3,"14":3,"15":3,"16":5,"17":9,"18":9,"19":5,"20":2,"21":29,"22":14,"23":29,"24":3,"25":3,"26":3,"27":1,"28":1,"29":2,"30":1,"31":0,"32":1,"33":0,"34":1,"35":0,"36":0,"37":1,"38":1,"39":1,"40":1,"41":1,"42":1,"43":0,"44":1,"45":29,"46":3,"47":3,"48":3,"49":1,"50":0,"51":2,"52":2,"53":2,"54":2,"55":1,"56":29,"57":3,"58":1,"59":1,"60":2,"61":2,"62":2,"63":1,"64":0,"65":1,"66":1,"67":1,"68":1,"69":1,"70":29,"71":2,"72":2,"73":2,"74":1,"75":1,"76":1,"77":1,"78":29,"79":1,"80":29,"81":1,"82":29,"83":10,"84":29,"85":10,"86":29,"87":50,"88":50,"89":2,"90":47},"f":{"0":29,"1":14,"2":3,"3":14,"4":3,"5":0,"6":0,"7":3,"8":2,"9":3,"10":1,"11":2,"12":1,"13":1,"14":10,"15":10,"16":50},"b":{"0":[5,9],"1":[3,0],"2":[0,3],"3":[3,0],"4":[0,3],"5":[3,3],"6":[3,3],"7":[5,4],"8":[3],"9":[1,2],"10":[1,1],"11":[0,1],"12":[1,2],"13":[1,2],"14":[1,1],"15":[1,0],"16":[1,1],"17":[2,48]},"meta":{"lastBranch":18,"lastFunction":17,"lastStatement":91,"seen":{"f:6:16:6:29":0,"s:7:26:7:Infinity":0,"s:8:28:8:Infinity":1,"s:9:34:9:Infinity":2,"s:11:22:59:Infinity":3,"f:11:22:11:34":1,"s:12:8:58:Infinity":4,"s:13:26:13:Infinity":5,"b:15:12:55:Infinity:50:19:55:Infinity":0,"s:15:12:55:Infinity":6,"s:16:33:16:Infinity":7,"s:18:37:18:Infinity":8,"b:18:37:18:72:18:72:18:Infinity":1,"s:20:53:47:Infinity":9,"f:20:70:20:71":2,"s:21:42:21:Infinity":10,"s:22:37:22:Infinity":11,"s:24:39:26:Infinity":12,"b:25:26:25:Infinity:26:26:26:Infinity":2,"b:24:39:24:51:24:51:24:Infinity":3,"s:28:45:28:Infinity":13,"s:29:37:31:Infinity":14,"b:30:26:30:Infinity:31:26:31:Infinity":4,"s:33:20:46:Infinity":15,"b:36:37:36:73:36:73:36:Infinity":5,"b:41:30:41:51:41:51:41:Infinity":6,"s:49:16:49:Infinity":16,"s:51:34:51:Infinity":17,"b:52:16:54:Infinity:undefined:undefined:undefined:undefined":7,"s:52:16:54:Infinity":18,"s:53:20:53:Infinity":19,"s:57:12:57:Infinity":20,"s:61:4:63:Infinity":21,"f:61:14:61:20":3,"s:62:8:62:Infinity":22,"s:65:22:102:Infinity":23,"f:65:22:65:29":4,"b:65:102:65:108":8,"s:66:8:101:Infinity":24,"s:67:26:67:Infinity":25,"b:70:12:73:Infinity:undefined:undefined:undefined:undefined":9,"s:70:12:73:Infinity":26,"s:71:16:71:Infinity":27,"s:72:16:72:Infinity":28,"b:75:12:94:Infinity:81:19:94:Infinity":10,"s:75:12:94:Infinity":29,"s:76:16:79:Infinity":30,"s:80:16:80:Infinity":31,"s:82:42:82:Infinity":32,"f:82:58:82:66":5,"s:82:66:82:102":33,"b:85:16:90:Infinity:88:23:90:Infinity":11,"s:85:16:90:Infinity":34,"s:86:20:86:Infinity":35,"s:87:20:87:Infinity":36,"s:89:20:89:Infinity":37,"s:92:16:92:Infinity":38,"s:93:16:93:Infinity":39,"s:96:12:96:Infinity":40,"s:97:12:97:Infinity":41,"s:98:12:98:Infinity":42,"f:98:23:98:29":6,"s:98:29:98:50":43,"s:100:12:100:Infinity":44,"s:104:27:119:Infinity":45,"f:104:27:104:34":7,"s:105:8:118:Infinity":46,"s:106:26:106:Infinity":47,"b:108:12:115:Infinity:111:19:115:Infinity":12,"s:108:12:115:Infinity":48,"s:109:16:109:Infinity":49,"s:110:16:110:Infinity":50,"s:112:37:112:Infinity":51,"f:112:50:112:58":8,"s:112:58:112:88":52,"s:113:16:113:Infinity":53,"s:114:16:114:Infinity":54,"s:117:12:117:Infinity":55,"s:121:27:143:Infinity":56,"f:121:27:121:34":9,"b:122:8:125:Infinity:undefined:undefined:undefined:undefined":13,"s:122:8:125:Infinity":57,"s:123:12:123:Infinity":58,"s:124:12:124:Infinity":59,"s:127:8:142:Infinity":60,"s:128:26:128:Infinity":61,"b:130:12:139:Infinity:133:19:139:Infinity":14,"s:130:12:139:Infinity":62,"s:131:16:131:Infinity":63,"s:132:16:132:Infinity":64,"s:134:37:136:Infinity":65,"f:134:47:134:Infinity":10,"s:135:20:135:Infinity":66,"b:135:53:135:77:135:77:135:Infinity":15,"s:137:16:137:Infinity":67,"s:138:16:138:Infinity":68,"s:141:12:141:Infinity":69,"s:145:22:158:Infinity":70,"f:145:22:145:34":11,"s:146:8:157:Infinity":71,"s:147:26:147:Infinity":72,"b:149:12:153:Infinity:151:19:153:Infinity":16,"s:149:12:153:Infinity":73,"s:150:16:150:Infinity":74,"s:152:16:152:Infinity":75,"s:154:12:154:Infinity":76,"s:156:12:156:Infinity":77,"s:160:21:160:Infinity":78,"f:160:21:160:27":12,"s:160:27:160:Infinity":79,"s:161:22:161:Infinity":80,"f:161:22:161:28":13,"s:161:28:161:Infinity":81,"s:163:23:163:Infinity":82,"f:163:36:163:37":14,"s:163:51:163:85":83,"s:164:23:164:Infinity":84,"f:164:36:164:37":15,"s:164:51:164:72":85,"s:166:4:183:Infinity":86,"f:188:16:188:26":16,"s:189:10:189:Infinity":87,"b:190:4:192:Infinity:undefined:undefined:undefined:undefined":17,"s:190:4:192:Infinity":88,"s:191:8:191:Infinity":89,"s:193:4:193:Infinity":90}}}
,"D:\\SoftWare\\OnlyJs\\OnlyJS Academy Full Stack Development Trainee\\frontend\\src\\context\\CartContextObject.ts": {"path":"D:\\SoftWare\\OnlyJs\\OnlyJS Academy Full Stack Development Trainee\\frontend\\src\\context\\CartContextObject.ts","statementMap":{"0":{"start":{"line":18,"column":13},"end":{"line":18,"column":null}}},"fnMap":{},"branchMap":{},"s":{"0":2},"f":{},"b":{},"meta":{"lastBranch":0,"lastFunction":0,"lastStatement":1,"seen":{"s:18:13:18:Infinity":0}}}
,"D:\\SoftWare\\OnlyJs\\OnlyJS Academy Full Stack Development Trainee\\frontend\\src\\services\\authService.ts": {"path":"D:\\SoftWare\\OnlyJs\\OnlyJS Academy Full Stack Development Trainee\\frontend\\src\\services\\authService.ts","statementMap":{"0":{"start":{"line":11,"column":27},"end":{"line":118,"column":null}},"1":{"start":{"line":13,"column":8},"end":{"line":30,"column":null}},"2":{"start":{"line":14,"column":29},"end":{"line":14,"column":null}},"3":{"start":{"line":15,"column":27},"end":{"line":15,"column":null}},"4":{"start":{"line":17,"column":12},"end":{"line":20,"column":null}},"5":{"start":{"line":18,"column":16},"end":{"line":18,"column":null}},"6":{"start":{"line":19,"column":16},"end":{"line":19,"column":null}},"7":{"start":{"line":22,"column":12},"end":{"line":22,"column":null}},"8":{"start":{"line":24,"column":12},"end":{"line":28,"column":null}},"9":{"start":{"line":25,"column":35},"end":{"line":25,"column":null}},"10":{"start":{"line":26,"column":37},"end":{"line":26,"column":null}},"11":{"start":{"line":27,"column":16},"end":{"line":27,"column":null}},"12":{"start":{"line":29,"column":12},"end":{"line":29,"column":null}},"13":{"start":{"line":34,"column":8},"end":{"line":53,"column":null}},"14":{"start":{"line":35,"column":29},"end":{"line":35,"column":null}},"15":{"start":{"line":36,"column":27},"end":{"line":36,"column":null}},"16":{"start":{"line":38,"column":12},"end":{"line":43,"column":null}},"17":{"start":{"line":39,"column":16},"end":{"line":41,"column":null}},"18":{"start":{"line":40,"column":20},"end":{"line":40,"column":null}},"19":{"start":{"line":42,"column":16},"end":{"line":42,"column":null}},"20":{"start":{"line":45,"column":12},"end":{"line":45,"column":null}},"21":{"start":{"line":47,"column":12},"end":{"line":51,"column":null}},"22":{"start":{"line":48,"column":35},"end":{"line":48,"column":null}},"23":{"start":{"line":49,"column":37},"end":{"line":49,"column":null}},"24":{"start":{"line":50,"column":16},"end":{"line":50,"column":null}},"25":{"start":{"line":52,"column":12},"end":{"line":52,"column":null}},"26":{"start":{"line":57,"column":8},"end":{"line":73,"column":null}},"27":{"start":{"line":58,"column":29},"end":{"line":58,"column":null}},"28":{"start":{"line":59,"column":27},"end":{"line":59,"column":null}},"29":{"start":{"line":61,"column":12},"end":{"line":63,"column":null}},"30":{"start":{"line":62,"column":16},"end":{"line":62,"column":null}},"31":{"start":{"line":65,"column":12},"end":{"line":65,"column":null}},"32":{"start":{"line":67,"column":12},"end":{"line":71,"column":null}},"33":{"start":{"line":68,"column":35},"end":{"line":68,"column":null}},"34":{"start":{"line":69,"column":37},"end":{"line":69,"column":null}},"35":{"start":{"line":70,"column":16},"end":{"line":70,"column":null}},"36":{"start":{"line":72,"column":12},"end":{"line":72,"column":null}},"37":{"start":{"line":77,"column":8},"end":{"line":94,"column":null}},"38":{"start":{"line":78,"column":29},"end":{"line":78,"column":null}},"39":{"start":{"line":79,"column":27},"end":{"line":79,"column":null}},"40":{"start":{"line":81,"column":12},"end":{"line":84,"column":null}},"41":{"start":{"line":82,"column":16},"end":{"line":82,"column":null}},"42":{"start":{"line":83,"column":16},"end":{"line":83,"column":null}},"43":{"start":{"line":86,"column":12},"end":{"line":86,"column":null}},"44":{"start":{"line":88,"column":12},"end":{"line":92,"column":null}},"45":{"start":{"line":89,"column":35},"end":{"line":89,"column":null}},"46":{"start":{"line":90,"column":37},"end":{"line":90,"column":null}},"47":{"start":{"line":91,"column":16},"end":{"line":91,"column":null}},"48":{"start":{"line":93,"column":12},"end":{"line":93,"column":null}},"49":{"start":{"line":98,"column":8},"end":{"line":112,"column":null}},"50":{"start":{"line":99,"column":29},"end":{"line":99,"column":null}},"51":{"start":{"line":100,"column":27},"end":{"line":100,"column":null}},"52":{"start":{"line":102,"column":12},"end":{"line":104,"column":null}},"53":{"start":{"line":103,"column":16},"end":{"line":103,"column":null}},"54":{"start":{"line":106,"column":12},"end":{"line":110,"column":null}},"55":{"start":{"line":107,"column":35},"end":{"line":107,"column":null}},"56":{"start":{"line":108,"column":37},"end":{"line":108,"column":null}},"57":{"start":{"line":109,"column":16},"end":{"line":109,"column":null}},"58":{"start":{"line":111,"column":12},"end":{"line":111,"column":null}},"59":{"start":{"line":116,"column":8},"end":{"line":116,"column":null}}},"fnMap":{"0":{"name":"(anonymous_0)","decl":{"start":{"line":12,"column":10},"end":{"line":12,"column":16}},"loc":{"start":{"line":12,"column":59},"end":{"line":31,"column":null}},"line":12},"1":{"name":"(anonymous_1)","decl":{"start":{"line":33,"column":10},"end":{"line":33,"column":19}},"loc":{"start":{"line":33,"column":65},"end":{"line":54,"column":null}},"line":33},"2":{"name":"(anonymous_2)","decl":{"start":{"line":56,"column":10},"end":{"line":56,"column":42}},"loc":{"start":{"line":56,"column":42},"end":{"line":74,"column":null}},"line":56},"3":{"name":"(anonymous_3)","decl":{"start":{"line":76,"column":10},"end":{"line":76,"column":22}},"loc":{"start":{"line":76,"column":74},"end":{"line":95,"column":null}},"line":76},"4":{"name":"(anonymous_4)","decl":{"start":{"line":97,"column":10},"end":{"line":97,"column":21}},"loc":{"start":{"line":97,"column":51},"end":{"line":113,"column":null}},"line":97},"5":{"name":"(anonymous_5)","decl":{"start":{"line":115,"column":4},"end":{"line":115,"column":19}},"loc":{"start":{"line":115,"column":19},"end":{"line":117,"column":null}},"line":115}},"branchMap":{"0":{"loc":{"start":{"line":17,"column":12},"end":{"line":20,"column":null}},"type":"if","locations":[{"start":{"line":17,"column":12},"end":{"line":20,"column":null}},{"start":{},"end":{}}],"line":17},"1":{"loc":{"start":{"line":22,"column":28},"end":{"line":22,"column":63}},"type":"binary-expr","locations":[{"start":{"line":22,"column":28},"end":{"line":22,"column":46}},{"start":{"line":22,"column":46},"end":{"line":22,"column":63}}],"line":22},"2":{"loc":{"start":{"line":24,"column":12},"end":{"line":28,"column":null}},"type":"if","locations":[{"start":{"line":24,"column":12},"end":{"line":28,"column":null}},{"start":{},"end":{}}],"line":24},"3":{"loc":{"start":{"line":24,"column":16},"end":{"line":24,"column":75}},"type":"binary-expr","locations":[{"start":{"line":24,"column":16},"end":{"line":24,"column":25}},{"start":{"line":24,"column":25},"end":{"line":24,"column":54}},{"start":{"line":24,"column":54},"end":{"line":24,"column":75}}],"line":24},"4":{"loc":{"start":{"line":26,"column":37},"end":{"line":26,"column":null}},"type":"binary-expr","locations":[{"start":{"line":26,"column":37},"end":{"line":26,"column":75}},{"start":{"line":26,"column":75},"end":{"line":26,"column":null}}],"line":26},"5":{"loc":{"start":{"line":38,"column":12},"end":{"line":43,"column":null}},"type":"if","locations":[{"start":{"line":38,"column":12},"end":{"line":43,"column":null}},{"start":{},"end":{}}],"line":38},"6":{"loc":{"start":{"line":39,"column":16},"end":{"line":41,"column":null}},"type":"if","locations":[{"start":{"line":39,"column":16},"end":{"line":41,"column":null}},{"start":{},"end":{}}],"line":39},"7":{"loc":{"start":{"line":45,"column":28},"end":{"line":45,"column":63}},"type":"binary-expr","locations":[{"start":{"line":45,"column":28},"end":{"line":45,"column":46}},{"start":{"line":45,"column":46},"end":{"line":45,"column":63}}],"line":45},"8":{"loc":{"start":{"line":47,"column":12},"end":{"line":51,"column":null}},"type":"if","locations":[{"start":{"line":47,"column":12},"end":{"line":51,"column":null}},{"start":{},"end":{}}],"line":47},"9":{"loc":{"start":{"line":47,"column":16},"end":{"line":47,"column":75}},"type":"binary-expr","locations":[{"start":{"line":47,"column":16},"end":{"line":47,"column":25}},{"start":{"line":47,"column":25},"end":{"line":47,"column":54}},{"start":{"line":47,"column":54},"end":{"line":47,"column":75}}],"line":47},"10":{"loc":{"start":{"line":49,"column":37},"end":{"line":49,"column":null}},"type":"binary-expr","locations":[{"start":{"line":49,"column":37},"end":{"line":49,"column":75}},{"start":{"line":49,"column":75},"end":{"line":49,"column":null}}],"line":49},"11":{"loc":{"start":{"line":61,"column":12},"end":{"line":63,"column":null}},"type":"if","locations":[{"start":{"line":61,"column":12},"end":{"line":63,"column":null}},{"start":{},"end":{}}],"line":61},"12":{"loc":{"start":{"line":65,"column":28},"end":{"line":65,"column":75}},"type":"binary-expr","locations":[{"start":{"line":65,"column":28},"end":{"line":65,"column":46}},{"start":{"line":65,"column":46},"end":{"line":65,"column":75}}],"line":65},"13":{"loc":{"start":{"line":67,"column":12},"end":{"line":71,"column":null}},"type":"if","locations":[{"start":{"line":67,"column":12},"end":{"line":71,"column":null}},{"start":{},"end":{}}],"line":67},"14":{"loc":{"start":{"line":67,"column":16},"end":{"line":67,"column":75}},"type":"binary-expr","locations":[{"start":{"line":67,"column":16},"end":{"line":67,"column":25}},{"start":{"line":67,"column":25},"end":{"line":67,"column":54}},{"start":{"line":67,"column":54},"end":{"line":67,"column":75}}],"line":67},"15":{"loc":{"start":{"line":69,"column":37},"end":{"line":69,"column":null}},"type":"binary-expr","locations":[{"start":{"line":69,"column":37},"end":{"line":69,"column":75}},{"start":{"line":69,"column":75},"end":{"line":69,"column":null}}],"line":69},"16":{"loc":{"start":{"line":81,"column":12},"end":{"line":84,"column":null}},"type":"if","locations":[{"start":{"line":81,"column":12},"end":{"line":84,"column":null}},{"start":{},"end":{}}],"line":81},"17":{"loc":{"start":{"line":86,"column":28},"end":{"line":86,"column":67}},"type":"binary-expr","locations":[{"start":{"line":86,"column":28},"end":{"line":86,"column":46}},{"start":{"line":86,"column":46},"end":{"line":86,"column":67}}],"line":86},"18":{"loc":{"start":{"line":88,"column":12},"end":{"line":92,"column":null}},"type":"if","locations":[{"start":{"line":88,"column":12},"end":{"line":92,"column":null}},{"start":{},"end":{}}],"line":88},"19":{"loc":{"start":{"line":88,"column":16},"end":{"line":88,"column":75}},"type":"binary-expr","locations":[{"start":{"line":88,"column":16},"end":{"line":88,"column":25}},{"start":{"line":88,"column":25},"end":{"line":88,"column":54}},{"start":{"line":88,"column":54},"end":{"line":88,"column":75}}],"line":88},"20":{"loc":{"start":{"line":90,"column":37},"end":{"line":90,"column":null}},"type":"binary-expr","locations":[{"start":{"line":90,"column":37},"end":{"line":90,"column":75}},{"start":{"line":90,"column":75},"end":{"line":90,"column":null}}],"line":90},"21":{"loc":{"start":{"line":102,"column":12},"end":{"line":104,"column":null}},"type":"if","locations":[{"start":{"line":102,"column":12},"end":{"line":104,"column":null}},{"start":{},"end":{}}],"line":102},"22":{"loc":{"start":{"line":103,"column":32},"end":{"line":103,"column":69}},"type":"binary-expr","locations":[{"start":{"line":103,"column":32},"end":{"line":103,"column":50}},{"start":{"line":103,"column":50},"end":{"line":103,"column":69}}],"line":103},"23":{"loc":{"start":{"line":106,"column":12},"end":{"line":110,"column":null}},"type":"if","locations":[{"start":{"line":106,"column":12},"end":{"line":110,"column":null}},{"start":{},"end":{}}],"line":106},"24":{"loc":{"start":{"line":106,"column":16},"end":{"line":106,"column":75}},"type":"binary-expr","locations":[{"start":{"line":106,"column":16},"end":{"line":106,"column":25}},{"start":{"line":106,"column":25},"end":{"line":106,"column":54}},{"start":{"line":106,"column":54},"end":{"line":106,"column":75}}],"line":106},"25":{"loc":{"start":{"line":108,"column":37},"end":{"line":108,"column":null}},"type":"binary-expr","locations":[{"start":{"line":108,"column":37},"end":{"line":108,"column":75}},{"start":{"line":108,"column":75},"end":{"line":108,"column":null}}],"line":108}},"s":{"0":2,"1":5,"2":5,"3":2,"4":2,"5":1,"6":1,"7":1,"8":4,"9":2,"10":2,"11":2,"12":2,"13":4,"14":4,"15":2,"16":2,"17":1,"18":1,"19":1,"20":1,"21":3,"22":2,"23":2,"24":2,"25":1,"26":9,"27":9,"28":5,"29":5,"30":4,"31":1,"32":5,"33":2,"34":2,"35":2,"36":3,"37":4,"38":4,"39":2,"40":2,"41":1,"42":1,"43":1,"44":3,"45":2,"46":2,"47":2,"48":1,"49":4,"50":4,"51":2,"52":2,"53":1,"54":3,"55":2,"56":2,"57":2,"58":1,"59":1},"f":{"0":5,"1":4,"2":9,"3":4,"4":4,"5":1},"b":{"0":[1,1],"1":[1,1],"2":[2,2],"3":[4,4,4],"4":[2,1],"5":[1,1],"6":[1,0],"7":[1,0],"8":[2,1],"9":[3,3,3],"10":[2,1],"11":[4,1],"12":[1,1],"13":[2,3],"14":[5,5,5],"15":[2,1],"16":[1,1],"17":[1,1],"18":[2,1],"19":[3,3,3],"20":[2,1],"21":[1,1],"22":[1,0],"23":[2,1],"24":[3,3,3],"25":[2,1]},"meta":{"lastBranch":26,"lastFunction":6,"lastStatement":60,"seen":{"s:11:27:118:Infinity":0,"f:12:10:12:16":0,"s:13:8:30:Infinity":1,"s:14:29:14:Infinity":2,"s:15:27:15:Infinity":3,"b:17:12:20:Infinity:undefined:undefined:undefined:undefined":0,"s:17:12:20:Infinity":4,"s:18:16:18:Infinity":5,"s:19:16:19:Infinity":6,"s:22:12:22:Infinity":7,"b:22:28:22:46:22:46:22:63":1,"b:24:12:28:Infinity:undefined:undefined:undefined:undefined":2,"s:24:12:28:Infinity":8,"b:24:16:24:25:24:25:24:54:24:54:24:75":3,"s:25:35:25:Infinity":9,"s:26:37:26:Infinity":10,"b:26:37:26:75:26:75:26:Infinity":4,"s:27:16:27:Infinity":11,"s:29:12:29:Infinity":12,"f:33:10:33:19":1,"s:34:8:53:Infinity":13,"s:35:29:35:Infinity":14,"s:36:27:36:Infinity":15,"b:38:12:43:Infinity:undefined:undefined:undefined:undefined":5,"s:38:12:43:Infinity":16,"b:39:16:41:Infinity:undefined:undefined:undefined:undefined":6,"s:39:16:41:Infinity":17,"s:40:20:40:Infinity":18,"s:42:16:42:Infinity":19,"s:45:12:45:Infinity":20,"b:45:28:45:46:45:46:45:63":7,"b:47:12:51:Infinity:undefined:undefined:undefined:undefined":8,"s:47:12:51:Infinity":21,"b:47:16:47:25:47:25:47:54:47:54:47:75":9,"s:48:35:48:Infinity":22,"s:49:37:49:Infinity":23,"b:49:37:49:75:49:75:49:Infinity":10,"s:50:16:50:Infinity":24,"s:52:12:52:Infinity":25,"f:56:10:56:42":2,"s:57:8:73:Infinity":26,"s:58:29:58:Infinity":27,"s:59:27:59:Infinity":28,"b:61:12:63:Infinity:undefined:undefined:undefined:undefined":11,"s:61:12:63:Infinity":29,"s:62:16:62:Infinity":30,"s:65:12:65:Infinity":31,"b:65:28:65:46:65:46:65:75":12,"b:67:12:71:Infinity:undefined:undefined:undefined:undefined":13,"s:67:12:71:Infinity":32,"b:67:16:67:25:67:25:67:54:67:54:67:75":14,"s:68:35:68:Infinity":33,"s:69:37:69:Infinity":34,"b:69:37:69:75:69:75:69:Infinity":15,"s:70:16:70:Infinity":35,"s:72:12:72:Infinity":36,"f:76:10:76:22":3,"s:77:8:94:Infinity":37,"s:78:29:78:Infinity":38,"s:79:27:79:Infinity":39,"b:81:12:84:Infinity:undefined:undefined:undefined:undefined":16,"s:81:12:84:Infinity":40,"s:82:16:82:Infinity":41,"s:83:16:83:Infinity":42,"s:86:12:86:Infinity":43,"b:86:28:86:46:86:46:86:67":17,"b:88:12:92:Infinity:undefined:undefined:undefined:undefined":18,"s:88:12:92:Infinity":44,"b:88:16:88:25:88:25:88:54:88:54:88:75":19,"s:89:35:89:Infinity":45,"s:90:37:90:Infinity":46,"b:90:37:90:75:90:75:90:Infinity":20,"s:91:16:91:Infinity":47,"s:93:12:93:Infinity":48,"f:97:10:97:21":4,"s:98:8:112:Infinity":49,"s:99:29:99:Infinity":50,"s:100:27:100:Infinity":51,"b:102:12:104:Infinity:undefined:undefined:undefined:undefined":21,"s:102:12:104:Infinity":52,"s:103:16:103:Infinity":53,"b:103:32:103:50:103:50:103:69":22,"b:106:12:110:Infinity:undefined:undefined:undefined:undefined":23,"s:106:12:110:Infinity":54,"b:106:16:106:25:106:25:106:54:106:54:106:75":24,"s:107:35:107:Infinity":55,"s:108:37:108:Infinity":56,"b:108:37:108:75:108:75:108:Infinity":25,"s:109:16:109:Infinity":57,"s:111:12:111:Infinity":58,"f:115:4:115:19":5,"s:116:8:116:Infinity":59}}}
,"D:\\SoftWare\\OnlyJs\\OnlyJS Academy Full Stack Development Trainee\\frontend\\src\\services\\productService.ts": {"path":"D:\\SoftWare\\OnlyJs\\OnlyJS Academy Full Stack Development Trainee\\frontend\\src\\services\\productService.ts","statementMap":{"0":{"start":{"line":11,"column":30},"end":{"line":55,"column":null}},"1":{"start":{"line":13,"column":25},"end":{"line":16,"column":null}},"2":{"start":{"line":17,"column":8},"end":{"line":17,"column":null}},"3":{"start":{"line":21,"column":25},"end":{"line":23,"column":null}},"4":{"start":{"line":24,"column":8},"end":{"line":26,"column":null}},"5":{"start":{"line":25,"column":12},"end":{"line":25,"column":null}},"6":{"start":{"line":27,"column":8},"end":{"line":27,"column":null}},"7":{"start":{"line":31,"column":25},"end":{"line":33,"column":null}},"8":{"start":{"line":34,"column":8},"end":{"line":36,"column":null}},"9":{"start":{"line":35,"column":12},"end":{"line":35,"column":null}},"10":{"start":{"line":37,"column":8},"end":{"line":37,"column":null}},"11":{"start":{"line":41,"column":25},"end":{"line":44,"column":null}},"12":{"start":{"line":45,"column":8},"end":{"line":45,"column":null}},"13":{"start":{"line":49,"column":25},"end":{"line":52,"column":null}},"14":{"start":{"line":53,"column":8},"end":{"line":53,"column":null}}},"fnMap":{"0":{"name":"(anonymous_0)","decl":{"start":{"line":12,"column":10},"end":{"line":12,"column":22}},"loc":{"start":{"line":12,"column":98},"end":{"line":18,"column":null}},"line":12},"1":{"name":"(anonymous_1)","decl":{"start":{"line":20,"column":10},"end":{"line":20,"column":25}},"loc":{"start":{"line":20,"column":55},"end":{"line":28,"column":null}},"line":20},"2":{"name":"(anonymous_2)","decl":{"start":{"line":30,"column":10},"end":{"line":30,"column":27}},"loc":{"start":{"line":30,"column":59},"end":{"line":38,"column":null}},"line":30},"3":{"name":"(anonymous_3)","decl":{"start":{"line":40,"column":10},"end":{"line":40,"column":25}},"loc":{"start":{"line":40,"column":74},"end":{"line":46,"column":null}},"line":40},"4":{"name":"(anonymous_4)","decl":{"start":{"line":48,"column":10},"end":{"line":48,"column":31}},"loc":{"start":{"line":48,"column":101},"end":{"line":54,"column":null}},"line":48}},"branchMap":{"0":{"loc":{"start":{"line":17,"column":15},"end":{"line":17,"column":null}},"type":"binary-expr","locations":[{"start":{"line":17,"column":15},"end":{"line":17,"column":37}},{"start":{"line":17,"column":37},"end":{"line":17,"column":null}}],"line":17},"1":{"loc":{"start":{"line":24,"column":8},"end":{"line":26,"column":null}},"type":"if","locations":[{"start":{"line":24,"column":8},"end":{"line":26,"column":null}},{"start":{},"end":{}}],"line":24},"2":{"loc":{"start":{"line":27,"column":24},"end":{"line":27,"column":66}},"type":"binary-expr","locations":[{"start":{"line":27,"column":24},"end":{"line":27,"column":49}},{"start":{"line":27,"column":49},"end":{"line":27,"column":66}}],"line":27},"3":{"loc":{"start":{"line":34,"column":8},"end":{"line":36,"column":null}},"type":"if","locations":[{"start":{"line":34,"column":8},"end":{"line":36,"column":null}},{"start":{},"end":{}}],"line":34},"4":{"loc":{"start":{"line":37,"column":24},"end":{"line":37,"column":66}},"type":"binary-expr","locations":[{"start":{"line":37,"column":24},"end":{"line":37,"column":49}},{"start":{"line":37,"column":49},"end":{"line":37,"column":66}}],"line":37},"5":{"loc":{"start":{"line":45,"column":15},"end":{"line":45,"column":null}},"type":"binary-expr","locations":[{"start":{"line":45,"column":15},"end":{"line":45,"column":37}},{"start":{"line":45,"column":37},"end":{"line":45,"column":null}}],"line":45}},"s":{"0":1,"1":2,"2":2,"3":3,"4":3,"5":1,"6":2,"7":2,"8":2,"9":1,"10":1,"11":2,"12":2,"13":1,"14":1},"f":{"0":2,"1":3,"2":2,"3":2,"4":1},"b":{"0":[2,1],"1":[1,2],"2":[2,1],"3":[1,1],"4":[1,1],"5":[2,1]},"meta":{"lastBranch":6,"lastFunction":5,"lastStatement":15,"seen":{"s:11:30:55:Infinity":0,"f:12:10:12:22":0,"s:13:25:16:Infinity":1,"s:17:8:17:Infinity":2,"b:17:15:17:37:17:37:17:Infinity":0,"f:20:10:20:25":1,"s:21:25:23:Infinity":3,"b:24:8:26:Infinity:undefined:undefined:undefined:undefined":1,"s:24:8:26:Infinity":4,"s:25:12:25:Infinity":5,"s:27:8:27:Infinity":6,"b:27:24:27:49:27:49:27:66":2,"f:30:10:30:27":2,"s:31:25:33:Infinity":7,"b:34:8:36:Infinity:undefined:undefined:undefined:undefined":3,"s:34:8:36:Infinity":8,"s:35:12:35:Infinity":9,"s:37:8:37:Infinity":10,"b:37:24:37:49:37:49:37:66":4,"f:40:10:40:25":3,"s:41:25:44:Infinity":11,"s:45:8:45:Infinity":12,"b:45:15:45:37:45:37:45:Infinity":5,"f:48:10:48:31":4,"s:49:25:52:Infinity":13,"s:53:8:53:Infinity":14}}}
}
