{"D:\\SoftWare\\OnlyJs\\OnlyJS Academy Full Stack Development Trainee\\apps\\api\\src\\services\\cart.ts": {"path":"D:\\SoftWare\\OnlyJs\\OnlyJS Academy Full Stack Development Trainee\\apps\\api\\src\\services\\cart.ts","statementMap":{"0":{"start":{"line":1,"column":0},"end":{"line":1,"column":37}},"1":{"start":{"line":2,"column":0},"end":{"line":2,"column":71}},"2":{"start":{"line":4,"column":31},"end":{"line":47,"column":1}},"3":{"start":{"line":5,"column":15},"end":{"line":23,"column":6}},"4":{"start":{"line":25,"column":4},"end":{"line":44,"column":5}},"5":{"start":{"line":26,"column":8},"end":{"line":43,"column":11}},"6":{"start":{"line":46,"column":4},"end":{"line":46,"column":16}},"7":{"start":{"line":4,"column":13},"end":{"line":4,"column":31}},"8":{"start":{"line":50,"column":25},"end":{"line":104,"column":1}},"9":{"start":{"line":51,"column":20},"end":{"line":56,"column":6}},"10":{"start":{"line":58,"column":4},"end":{"line":60,"column":5}},"11":{"start":{"line":59,"column":8},"end":{"line":59,"column":60}},"12":{"start":{"line":62,"column":4},"end":{"line":64,"column":5}},"13":{"start":{"line":63,"column":8},"end":{"line":63,"column":65}},"14":{"start":{"line":66,"column":4},"end":{"line":68,"column":5}},"15":{"start":{"line":67,"column":8},"end":{"line":67,"column":82}},"16":{"start":{"line":70,"column":17},"end":{"line":70,"column":46}},"17":{"start":{"line":72,"column":25},"end":{"line":79,"column":6}},"18":{"start":{"line":81,"column":4},"end":{"line":101,"column":5}},"19":{"start":{"line":82,"column":28},"end":{"line":82,"column":60}},"20":{"start":{"line":84,"column":8},"end":{"line":86,"column":9}},"21":{"start":{"line":85,"column":12},"end":{"line":85,"column":86}},"22":{"start":{"line":88,"column":8},"end":{"line":91,"column":11}},"23":{"start":{"line":93,"column":8},"end":{"line":100,"column":11}},"24":{"start":{"line":103,"column":4},"end":{"line":103,"column":41}},"25":{"start":{"line":50,"column":13},"end":{"line":50,"column":25}},"26":{"start":{"line":107,"column":38},"end":{"line":134,"column":1}},"27":{"start":{"line":108,"column":21},"end":{"line":114,"column":6}},"28":{"start":{"line":116,"column":4},"end":{"line":118,"column":5}},"29":{"start":{"line":117,"column":8},"end":{"line":117,"column":58}},"30":{"start":{"line":120,"column":4},"end":{"line":122,"column":5}},"31":{"start":{"line":121,"column":8},"end":{"line":121,"column":61}},"32":{"start":{"line":124,"column":4},"end":{"line":126,"column":5}},"33":{"start":{"line":125,"column":8},"end":{"line":125,"column":91}},"34":{"start":{"line":128,"column":4},"end":{"line":131,"column":7}},"35":{"start":{"line":133,"column":4},"end":{"line":133,"column":41}},"36":{"start":{"line":107,"column":13},"end":{"line":107,"column":38}},"37":{"start":{"line":137,"column":30},"end":{"line":159,"column":1}},"38":{"start":{"line":139,"column":21},"end":{"line":144,"column":6}},"39":{"start":{"line":146,"column":4},"end":{"line":148,"column":5}},"40":{"start":{"line":147,"column":8},"end":{"line":147,"column":58}},"41":{"start":{"line":150,"column":4},"end":{"line":152,"column":5}},"42":{"start":{"line":151,"column":8},"end":{"line":151,"column":61}},"43":{"start":{"line":154,"column":4},"end":{"line":156,"column":7}},"44":{"start":{"line":158,"column":4},"end":{"line":158,"column":41}},"45":{"start":{"line":137,"column":13},"end":{"line":137,"column":30}},"46":{"start":{"line":161,"column":25},"end":{"line":170,"column":1}},"47":{"start":{"line":163,"column":17},"end":{"line":163,"column":46}},"48":{"start":{"line":165,"column":4},"end":{"line":167,"column":7}},"49":{"start":{"line":169,"column":4},"end":{"line":169,"column":41}},"50":{"start":{"line":161,"column":13},"end":{"line":161,"column":25}}},"fnMap":{"0":{"name":"(anonymous_1)","decl":{"start":{"line":4,"column":31},"end":{"line":4,"column":36}},"loc":{"start":{"line":4,"column":56},"end":{"line":47,"column":1}}},"1":{"name":"(anonymous_2)","decl":{"start":{"line":50,"column":25},"end":{"line":50,"column":30}},"loc":{"start":{"line":50,"column":87},"end":{"line":104,"column":1}}},"2":{"name":"(anonymous_3)","decl":{"start":{"line":107,"column":38},"end":{"line":107,"column":43}},"loc":{"start":{"line":107,"column":97},"end":{"line":134,"column":1}}},"3":{"name":"(anonymous_4)","decl":{"start":{"line":137,"column":30},"end":{"line":137,"column":35}},"loc":{"start":{"line":137,"column":71},"end":{"line":159,"column":1}}},"4":{"name":"(anonymous_5)","decl":{"start":{"line":161,"column":25},"end":{"line":161,"column":30}},"loc":{"start":{"line":161,"column":50},"end":{"line":170,"column":1}}}},"branchMap":{"0":{"loc":{"start":{"line":25,"column":4},"end":{"line":44,"column":5}},"type":"if","locations":[{"start":{"line":25,"column":4},"end":{"line":44,"column":5}}]},"1":{"loc":{"start":{"line":58,"column":4},"end":{"line":60,"column":5}},"type":"if","locations":[{"start":{"line":58,"column":4},"end":{"line":60,"column":5}}]},"2":{"loc":{"start":{"line":62,"column":4},"end":{"line":64,"column":5}},"type":"if","locations":[{"start":{"line":62,"column":4},"end":{"line":64,"column":5}}]},"3":{"loc":{"start":{"line":62,"column":8},"end":{"line":62,"column":54}},"type":"binary-expr","locations":[{"start":{"line":62,"column":8},"end":{"line":62,"column":25}},{"start":{"line":62,"column":29},"end":{"line":62,"column":54}}]},"4":{"loc":{"start":{"line":66,"column":4},"end":{"line":68,"column":5}},"type":"if","locations":[{"start":{"line":66,"column":4},"end":{"line":68,"column":5}}]},"5":{"loc":{"start":{"line":81,"column":4},"end":{"line":101,"column":5}},"type":"if","locations":[{"start":{"line":81,"column":4},"end":{"line":101,"column":5}},{"start":{"line":92,"column":11},"end":{"line":101,"column":5}}]},"6":{"loc":{"start":{"line":84,"column":8},"end":{"line":86,"column":9}},"type":"if","locations":[{"start":{"line":84,"column":8},"end":{"line":86,"column":9}}]},"7":{"loc":{"start":{"line":116,"column":4},"end":{"line":118,"column":5}},"type":"if","locations":[{"start":{"line":116,"column":4},"end":{"line":118,"column":5}}]},"8":{"loc":{"start":{"line":120,"column":4},"end":{"line":122,"column":5}},"type":"if","locations":[{"start":{"line":120,"column":4},"end":{"line":122,"column":5}}]},"9":{"loc":{"start":{"line":124,"column":4},"end":{"line":126,"column":5}},"type":"if","locations":[{"start":{"line":124,"column":4},"end":{"line":126,"column":5}}]},"10":{"loc":{"start":{"line":146,"column":4},"end":{"line":148,"column":5}},"type":"if","locations":[{"start":{"line":146,"column":4},"end":{"line":148,"column":5}}]},"11":{"loc":{"start":{"line":150,"column":4},"end":{"line":152,"column":5}},"type":"if","locations":[{"start":{"line":150,"column":4},"end":{"line":152,"column":5}}]}},"s":{"0":1,"1":1,"2":1,"3":14,"4":14,"5":2,"6":14,"7":1,"8":1,"9":11,"10":11,"11":2,"12":9,"13":3,"14":6,"15":2,"16":4,"17":4,"18":4,"19":3,"20":3,"21":2,"22":1,"23":1,"24":2,"25":1,"26":1,"27":5,"28":5,"29":1,"30":4,"31":2,"32":2,"33":1,"34":1,"35":1,"36":1,"37":1,"38":3,"39":3,"40":1,"41":2,"42":1,"43":1,"44":1,"45":1,"46":1,"47":2,"48":2,"49":2,"50":1},"f":{"0":14,"1":11,"2":5,"3":3,"4":2},"b":{"0":[2],"1":[2],"2":[3],"3":[9,7],"4":[2],"5":[3,1],"6":[2],"7":[1],"8":[2],"9":[1],"10":[1],"11":[1]}}
,"D:\\SoftWare\\OnlyJs\\OnlyJS Academy Full Stack Development Trainee\\apps\\api\\src\\services\\user.ts": {"path":"D:\\SoftWare\\OnlyJs\\OnlyJS Academy Full Stack Development Trainee\\apps\\api\\src\\services\\user.ts","statementMap":{"0":{"start":{"line":1,"column":0},"end":{"line":1,"column":36}},"1":{"start":{"line":2,"column":0},"end":{"line":2,"column":28}},"2":{"start":{"line":3,"column":0},"end":{"line":3,"column":31}},"3":{"start":{"line":4,"column":0},"end":{"line":4,"column":28}},"4":{"start":{"line":5,"column":0},"end":{"line":5,"column":73}},"5":{"start":{"line":6,"column":0},"end":{"line":6,"column":66}},"6":{"start":{"line":8,"column":26},"end":{"line":38,"column":1}},"7":{"start":{"line":16,"column":25},"end":{"line":18,"column":6}},"8":{"start":{"line":20,"column":4},"end":{"line":22,"column":5}},"9":{"start":{"line":21,"column":8},"end":{"line":21,"column":63}},"10":{"start":{"line":23,"column":27},"end":{"line":23,"column":67}},"11":{"start":{"line":25,"column":17},"end":{"line":33,"column":6}},"12":{"start":{"line":35,"column":4},"end":{"line":35,"column":82}},"13":{"start":{"line":35,"column":62},"end":{"line":35,"column":80}},"14":{"start":{"line":37,"column":4},"end":{"line":37,"column":16}},"15":{"start":{"line":8,"column":13},"end":{"line":8,"column":26}},"16":{"start":{"line":40,"column":25},"end":{"line":63,"column":1}},"17":{"start":{"line":41,"column":17},"end":{"line":43,"column":6}},"18":{"start":{"line":45,"column":4},"end":{"line":47,"column":5}},"19":{"start":{"line":46,"column":8},"end":{"line":46,"column":63}},"20":{"start":{"line":49,"column":28},"end":{"line":49,"column":79}},"21":{"start":{"line":51,"column":4},"end":{"line":53,"column":5}},"22":{"start":{"line":52,"column":8},"end":{"line":52,"column":63}},"23":{"start":{"line":55,"column":18},"end":{"line":58,"column":null}},"24":{"start":{"line":61,"column":55},"end":{"line":61,"column":59}},"25":{"start":{"line":62,"column":4},"end":{"line":62,"column":48}},"26":{"start":{"line":40,"column":13},"end":{"line":40,"column":25}},"27":{"start":{"line":65,"column":36},"end":{"line":86,"column":1}},"28":{"start":{"line":66,"column":17},"end":{"line":68,"column":6}},"29":{"start":{"line":70,"column":4},"end":{"line":72,"column":5}},"30":{"start":{"line":71,"column":8},"end":{"line":71,"column":15}},"31":{"start":{"line":74,"column":23},"end":{"line":74,"column":61}},"32":{"start":{"line":75,"column":29},"end":{"line":75,"column":59}},"33":{"start":{"line":77,"column":4},"end":{"line":83,"column":7}},"34":{"start":{"line":85,"column":4},"end":{"line":85,"column":73}},"35":{"start":{"line":65,"column":13},"end":{"line":65,"column":36}},"36":{"start":{"line":88,"column":29},"end":{"line":114,"column":1}},"37":{"start":{"line":89,"column":17},"end":{"line":96,"column":6}},"38":{"start":{"line":98,"column":4},"end":{"line":100,"column":5}},"39":{"start":{"line":99,"column":8},"end":{"line":99,"column":73}},"40":{"start":{"line":102,"column":27},"end":{"line":102,"column":61}},"41":{"start":{"line":104,"column":4},"end":{"line":111,"column":7}},"42":{"start":{"line":113,"column":4},"end":{"line":113,"column":57}},"43":{"start":{"line":88,"column":13},"end":{"line":88,"column":29}}},"fnMap":{"0":{"name":"(anonymous_1)","decl":{"start":{"line":8,"column":26},"end":{"line":8,"column":31}},"loc":{"start":{"line":14,"column":5},"end":{"line":38,"column":1}}},"1":{"name":"(anonymous_2)","decl":{"start":{"line":35,"column":55},"end":{"line":35,"column":58}},"loc":{"start":{"line":35,"column":62},"end":{"line":35,"column":80}}},"2":{"name":"(anonymous_3)","decl":{"start":{"line":40,"column":25},"end":{"line":40,"column":30}},"loc":{"start":{"line":40,"column":67},"end":{"line":63,"column":1}}},"3":{"name":"(anonymous_4)","decl":{"start":{"line":65,"column":36},"end":{"line":65,"column":41}},"loc":{"start":{"line":65,"column":60},"end":{"line":86,"column":1}}},"4":{"name":"(anonymous_5)","decl":{"start":{"line":88,"column":29},"end":{"line":88,"column":34}},"loc":{"start":{"line":88,"column":74},"end":{"line":114,"column":1}}}},"branchMap":{"0":{"loc":{"start":{"line":20,"column":4},"end":{"line":22,"column":5}},"type":"if","locations":[{"start":{"line":20,"column":4},"end":{"line":22,"column":5}}]},"1":{"loc":{"start":{"line":45,"column":4},"end":{"line":47,"column":5}},"type":"if","locations":[{"start":{"line":45,"column":4},"end":{"line":47,"column":5}}]},"2":{"loc":{"start":{"line":51,"column":4},"end":{"line":53,"column":5}},"type":"if","locations":[{"start":{"line":51,"column":4},"end":{"line":53,"column":5}}]},"3":{"loc":{"start":{"line":70,"column":4},"end":{"line":72,"column":5}},"type":"if","locations":[{"start":{"line":70,"column":4},"end":{"line":72,"column":5}}]},"4":{"loc":{"start":{"line":98,"column":4},"end":{"line":100,"column":5}},"type":"if","locations":[{"start":{"line":98,"column":4},"end":{"line":100,"column":5}}]}},"s":{"0":1,"1":1,"2":1,"3":1,"4":1,"5":1,"6":1,"7":5,"8":5,"9":2,"10":3,"11":3,"12":3,"13":0,"14":3,"15":1,"16":1,"17":5,"18":5,"19":3,"20":2,"21":2,"22":1,"23":1,"24":1,"25":1,"26":1,"27":1,"28":3,"29":3,"30":1,"31":2,"32":2,"33":2,"34":2,"35":1,"36":1,"37":5,"38":5,"39":3,"40":2,"41":2,"42":2,"43":1},"f":{"0":5,"1":0,"2":5,"3":3,"4":5},"b":{"0":[2],"1":[3],"2":[1],"3":[1],"4":[3]}}
,"D:\\SoftWare\\OnlyJs\\OnlyJS Academy Full Stack Development Trainee\\apps\\api\\src\\utils\\customErrors.ts": {"path":"D:\\SoftWare\\OnlyJs\\OnlyJS Academy Full Stack Development Trainee\\apps\\api\\src\\utils\\customErrors.ts","statementMap":{"0":{"start":{"line":6,"column":8},"end":{"line":6,"column":23}},"1":{"start":{"line":7,"column":8},"end":{"line":7,"column":37}},"2":{"start":{"line":8,"column":8},"end":{"line":8,"column":34}},"3":{"start":{"line":10,"column":8},"end":{"line":10,"column":null}},"4":{"start":{"line":1,"column":0},"end":{"line":1,"column":13}},"5":{"start":{"line":16,"column":8},"end":{"line":16,"column":28}},"6":{"start":{"line":14,"column":0},"end":{"line":14,"column":13}},"7":{"start":{"line":22,"column":8},"end":{"line":22,"column":null}},"8":{"start":{"line":20,"column":0},"end":{"line":20,"column":13}},"9":{"start":{"line":28,"column":8},"end":{"line":28,"column":null}},"10":{"start":{"line":26,"column":0},"end":{"line":26,"column":13}},"11":{"start":{"line":34,"column":8},"end":{"line":34,"column":null}},"12":{"start":{"line":32,"column":0},"end":{"line":32,"column":13}},"13":{"start":{"line":42,"column":8},"end":{"line":42,"column":28}},"14":{"start":{"line":43,"column":8},"end":{"line":43,"column":29}},"15":{"start":{"line":38,"column":0},"end":{"line":38,"column":13}}},"fnMap":{"0":{"name":"(anonymous_0)","decl":{"start":{"line":5,"column":4},"end":{"line":5,"column":16}},"loc":{"start":{"line":5,"column":51},"end":{"line":11,"column":5}}},"1":{"name":"(anonymous_1)","decl":{"start":{"line":15,"column":4},"end":{"line":15,"column":16}},"loc":{"start":{"line":15,"column":47},"end":{"line":17,"column":5}}},"2":{"name":"(anonymous_2)","decl":{"start":{"line":21,"column":4},"end":{"line":21,"column":16}},"loc":{"start":{"line":21,"column":48},"end":{"line":23,"column":5}}},"3":{"name":"(anonymous_3)","decl":{"start":{"line":27,"column":4},"end":{"line":27,"column":16}},"loc":{"start":{"line":27,"column":45},"end":{"line":29,"column":5}}},"4":{"name":"(anonymous_4)","decl":{"start":{"line":33,"column":4},"end":{"line":33,"column":16}},"loc":{"start":{"line":33,"column":44},"end":{"line":35,"column":5}}},"5":{"name":"(anonymous_5)","decl":{"start":{"line":41,"column":4},"end":{"line":41,"column":16}},"loc":{"start":{"line":41,"column":99},"end":{"line":44,"column":5}}}},"branchMap":{"0":{"loc":{"start":{"line":15,"column":16},"end":{"line":15,"column":47}},"type":"default-arg","locations":[{"start":{"line":15,"column":34},"end":{"line":15,"column":47}}]},"1":{"loc":{"start":{"line":21,"column":16},"end":{"line":21,"column":48}},"type":"default-arg","locations":[{"start":{"line":21,"column":34},"end":{"line":21,"column":48}}]},"2":{"loc":{"start":{"line":27,"column":16},"end":{"line":27,"column":45}},"type":"default-arg","locations":[{"start":{"line":27,"column":34},"end":{"line":27,"column":45}}]},"3":{"loc":{"start":{"line":33,"column":16},"end":{"line":33,"column":44}},"type":"default-arg","locations":[{"start":{"line":33,"column":34},"end":{"line":33,"column":44}}]},"4":{"loc":{"start":{"line":41,"column":16},"end":{"line":41,"column":52}},"type":"default-arg","locations":[{"start":{"line":41,"column":34},"end":{"line":41,"column":52}}]}},"s":{"0":24,"1":24,"2":24,"3":24,"4":2,"5":11,"6":2,"7":7,"8":2,"9":4,"10":2,"11":2,"12":2,"13":0,"14":0,"15":2},"f":{"0":24,"1":11,"2":7,"3":4,"4":2,"5":0},"b":{"0":[0],"1":[0],"2":[0],"3":[0],"4":[0]}}
}
