TN:
SF:src\services\cart.ts
FN:4,(anonymous_1)
FN:50,(anonymous_2)
FN:107,(anonymous_3)
FN:137,(anonymous_4)
FN:161,(anonymous_5)
FNF:5
FNH:5
FNDA:14,(anonymous_1)
FNDA:11,(anonymous_2)
FNDA:5,(anonymous_3)
FNDA:3,(anonymous_4)
FNDA:2,(anonymous_5)
DA:1,1
DA:2,1
DA:4,1
DA:5,14
DA:25,14
DA:26,2
DA:46,14
DA:50,1
DA:51,11
DA:58,11
DA:59,2
DA:62,9
DA:63,3
DA:66,6
DA:67,2
DA:70,4
DA:72,4
DA:81,4
DA:82,3
DA:84,3
DA:85,2
DA:88,1
DA:93,1
DA:103,2
DA:107,1
DA:108,5
DA:116,5
DA:117,1
DA:120,4
DA:121,2
DA:124,2
DA:125,1
DA:128,1
DA:133,1
DA:137,1
DA:139,3
DA:146,3
DA:147,1
DA:150,2
DA:151,1
DA:154,1
DA:158,1
DA:161,1
DA:163,2
DA:165,2
DA:169,2
LF:46
LH:46
BRDA:25,0,0,2
BRDA:58,1,0,2
BRDA:62,2,0,3
BRDA:62,3,0,9
BRDA:62,3,1,7
BRDA:66,4,0,2
BRDA:81,5,0,3
BRDA:81,5,1,1
BRDA:84,6,0,2
BRDA:116,7,0,1
BRDA:120,8,0,2
BRDA:124,9,0,1
BRDA:146,10,0,1
BRDA:150,11,0,1
BRF:14
BRH:14
end_of_record
TN:
SF:src\services\user.ts
FN:8,(anonymous_1)
FN:35,(anonymous_2)
FN:40,(anonymous_3)
FN:65,(anonymous_4)
FN:88,(anonymous_5)
FNF:5
FNH:4
FNDA:5,(anonymous_1)
FNDA:0,(anonymous_2)
FNDA:5,(anonymous_3)
FNDA:3,(anonymous_4)
FNDA:5,(anonymous_5)
DA:1,1
DA:2,1
DA:3,1
DA:4,1
DA:5,1
DA:6,1
DA:8,1
DA:16,5
DA:20,5
DA:21,2
DA:23,3
DA:25,3
DA:35,3
DA:37,3
DA:40,1
DA:41,5
DA:45,5
DA:46,3
DA:49,2
DA:51,2
DA:52,1
DA:55,1
DA:61,1
DA:62,1
DA:65,1
DA:66,3
DA:70,3
DA:71,1
DA:74,2
DA:75,2
DA:77,2
DA:85,2
DA:88,1
DA:89,5
DA:98,5
DA:99,3
DA:102,2
DA:104,2
DA:113,2
LF:39
LH:39
BRDA:20,0,0,2
BRDA:45,1,0,3
BRDA:51,2,0,1
BRDA:70,3,0,1
BRDA:98,4,0,3
BRF:5
BRH:5
end_of_record
TN:
SF:src\utils\customErrors.ts
FN:5,(anonymous_0)
FN:15,(anonymous_1)
FN:21,(anonymous_2)
FN:27,(anonymous_3)
FN:33,(anonymous_4)
FN:41,(anonymous_5)
FNF:6
FNH:5
FNDA:24,(anonymous_0)
FNDA:11,(anonymous_1)
FNDA:7,(anonymous_2)
FNDA:4,(anonymous_3)
FNDA:2,(anonymous_4)
FNDA:0,(anonymous_5)
DA:1,2
DA:6,24
DA:7,24
DA:8,24
DA:10,24
DA:14,2
DA:16,11
DA:20,2
DA:22,7
DA:26,2
DA:28,4
DA:32,2
DA:34,2
DA:38,2
DA:42,0
DA:43,0
LF:16
LH:14
BRDA:15,0,0,0
BRDA:21,1,0,0
BRDA:27,2,0,0
BRDA:33,3,0,0
BRDA:41,4,0,0
BRF:5
BRH:0
end_of_record
